# JRE version: OpenJDK Runtime Environment Temurin-17.0.1+12 (17.0.1+12) (build 17.0.1+12)
# Java VM: OpenJDK 64-Bit Server VM Temurin-17.0.1+12 (17.0.1+12, mixed mode, tiered, compressed oops, compressed class ptrs, g1 gc, windows-amd64)
GC Precious Log:
 CPUs: 8 total, 8 available
 Memory: 8092M
 Large Page Support: Disabled
 NUMA Support: Disabled
 Compressed Oops: Enabled (32-bit)
 Heap Region Size: 1M
 Heap Min Capacity: 8M
 Heap Initial Capacity: 128M
 Heap Max Capacity: 2024M
 Pre-touch: Disabled
 Parallel Workers: 8
 Concurrent Workers: 2
 Concurrent Refinement Workers: 8
 Periodic GC: Disabled
Heap:
 garbage-first heap   total 48128K, used 33109K [0x0000000081800000, 0x0000000100000000)
  region size 1024K, 10 young (10240K), 1 survivors (1024K)
 Metaspace       used 42485K, committed 42752K, reserved 1089536K
  class space    used 4834K, committed 4992K, reserved 1048576K
GC Heap History (17 events):
Event: 0.838 GC heap before
{Heap before GC invocations=0 (full 0):
 garbage-first heap   total 131072K, used 25600K [0x0000000081800000, 0x0000000100000000)
  region size 1024K, 23 young (23552K), 0 survivors (0K)
 Metaspace       used 15273K, committed 15488K, reserved 1064960K
  class space    used 1477K, committed 1600K, reserved 1048576K
}
Event: 0.844 GC heap after
{Heap after GC invocations=1 (full 0):
 garbage-first heap   total 131072K, used 10837K [0x0000000081800000, 0x0000000100000000)
  region size 1024K, 3 young (3072K), 3 survivors (3072K)
 Metaspace       used 15273K, committed 15488K, reserved 1064960K
  class space    used 1477K, committed 1600K, reserved 1048576K
}
Event: 1.471 GC heap before
{Heap before GC invocations=1 (full 0):
 garbage-first heap   total 131072K, used 28245K [0x0000000081800000, 0x0000000100000000)
  region size 1024K, 21 young (21504K), 3 survivors (3072K)
 Metaspace       used 21318K, committed 21504K, reserved 1073152K
  class space    used 2147K, committed 2240K, reserved 1048576K
}
Event: 1.475 GC heap after
{Heap after GC invocations=2 (full 0):
 garbage-first heap   total 131072K, used 12636K [0x0000000081800000, 0x0000000100000000)
  region size 1024K, 2 young (2048K), 2 survivors (2048K)
 Metaspace       used 21318K, committed 21504K, reserved 1073152K
  class space    used 2147K, committed 2240K, reserved 1048576K
}
Event: 1.916 GC heap before
{Heap before GC invocations=3 (full 0):
 garbage-first heap   total 48128K, used 33116K [0x0000000081800000, 0x0000000100000000)
  region size 1024K, 23 young (23552K), 2 survivors (2048K)
 Metaspace       used 26956K, committed 27136K, reserved 1081344K
  class space    used 2808K, committed 2880K, reserved 1048576K
}
Event: 1.919 GC heap after
{Heap after GC invocations=4 (full 0):
 garbage-first heap   total 48128K, used 14035K [0x0000000081800000, 0x0000000100000000)
  region size 1024K, 4 young (4096K), 4 survivors (4096K)
 Metaspace       used 26956K, committed 27136K, reserved 1081344K
  class space    used 2808K, committed 2880K, reserved 1048576K
}
Event: 1.933 GC heap before
{Heap before GC invocations=4 (full 0):
 garbage-first heap   total 48128K, used 15059K [0x0000000081800000, 0x0000000100000000)
  region size 1024K, 5 young (5120K), 4 survivors (4096K)
 Metaspace       used 27276K, committed 27392K, reserved 1081344K
  class space    used 2831K, committed 2880K, reserved 1048576K
}
Event: 1.935 GC heap after
{Heap after GC invocations=5 (full 0):
 garbage-first heap   total 48128K, used 14204K [0x0000000081800000, 0x0000000100000000)
  region size 1024K, 1 young (1024K), 1 survivors (1024K)
 Metaspace       used 27276K, committed 27392K, reserved 1081344K
  class space    used 2831K, committed 2880K, reserved 1048576K
}
Event: 2.284 GC heap before
{Heap before GC invocations=5 (full 0):
 garbage-first heap   total 48128K, used 29564K [0x0000000081800000, 0x0000000100000000)
  region size 1024K, 17 young (17408K), 1 survivors (1024K)
 Metaspace       used 30733K, committed 30976K, reserved 1081344K
  class space    used 3292K, committed 3392K, reserved 1048576K
}
Event: 2.286 GC heap after
{Heap after GC invocations=6 (full 0):
 garbage-first heap   total 48128K, used 15970K [0x0000000081800000, 0x0000000100000000)
  region size 1024K, 3 young (3072K), 3 survivors (3072K)
 Metaspace       used 30733K, committed 30976K, reserved 1081344K
  class space    used 3292K, committed 3392K, reserved 1048576K
}
Event: 2.639 GC heap before
{Heap before GC invocations=6 (full 0):
 garbage-first heap   total 48128K, used 29282K [0x0000000081800000, 0x0000000100000000)
  region size 1024K, 17 young (17408K), 3 survivors (3072K)
 Metaspace       used 35776K, committed 35968K, reserved 1081344K
  class space    used 3933K, committed 4032K, reserved 1048576K
}
Event: 2.642 GC heap after
{Heap after GC invocations=7 (full 0):
 garbage-first heap   total 48128K, used 17386K [0x0000000081800000, 0x0000000100000000)
  region size 1024K, 2 young (2048K), 2 survivors (2048K)
 Metaspace       used 35776K, committed 35968K, reserved 1081344K
  class space    used 3933K, committed 4032K, reserved 1048576K
}
Event: 3.807 GC heap before
{Heap before GC invocations=8 (full 0):
 garbage-first heap   total 48128K, used 37866K [0x0000000081800000, 0x0000000100000000)
  region size 1024K, 18 young (18432K), 2 survivors (2048K)
 Metaspace       used 40537K, committed 40768K, reserved 1089536K
  class space    used 4647K, committed 4736K, reserved 1048576K
}
Event: 3.810 GC heap after
{Heap after GC invocations=9 (full 0):
 garbage-first heap   total 48128K, used 23543K [0x0000000081800000, 0x0000000100000000)
  region size 1024K, 3 young (3072K), 3 survivors (3072K)
 Metaspace       used 40537K, committed 40768K, reserved 1089536K
  class space    used 4647K, committed 4736K, reserved 1048576K
}
Event: 39.437 GC heap before
{Heap before GC invocations=9 (full 0):
 garbage-first heap   total 48128K, used 35831K [0x0000000081800000, 0x0000000100000000)
  region size 1024K, 16 young (16384K), 3 survivors (3072K)
 Metaspace       used 42239K, committed 42560K, reserved 1089536K
  class space    used 4830K, committed 4992K, reserved 1048576K
}
Event: 39.441 GC heap after
{Heap after GC invocations=10 (full 0):
 garbage-first heap   total 48128K, used 24749K [0x0000000081800000, 0x0000000100000000)
  region size 1024K, 2 young (2048K), 2 survivors (2048K)
 Metaspace       used 42239K, committed 42560K, reserved 1089536K
  class space    used 4830K, committed 4992K, reserved 1048576K
}
Event: 2374.187 GC heap before
{Heap before GC invocations=10 (full 0):
 garbage-first heap   total 48128K, used 31917K [0x0000000081800000, 0x0000000100000000)
  region size 1024K, 11 young (11264K), 2 survivors (2048K)
 Metaspace       used 42485K, committed 42752K, reserved 1089536K
  class space    used 4834K, committed 4992K, reserved 1048576K
}

