<?xml version="1.0" encoding="UTF-8"?>
<!-- Generated by org.testng.reporters.JUnitXMLReporter -->
<testsuite ignored="0" hostname="QLINGGNQADT0033" failures="2" tests="249" name="Default test" time="8236.37" errors="0" timestamp="27 May 2025 15:32:06 GMT">
  <testcase classname="addTraveler.AddTraveler" name="flightBooking" time="34.096"/>
  <testcase classname="addTraveler.AddTraveler" name="flightBooking" time="31.902"/>
  <testcase classname="addTraveler.AddTraveler" name="flightBooking" time="32.344"/>
  <testcase classname="addTraveler.AddTraveler" name="flightBooking" time="32.098"/>
  <testcase classname="addTraveler.AddTraveler" name="flightBooking" time="31.616"/>
  <testcase classname="addTraveler.AddTraveler" name="flightBooking" time="34.757"/>
  <testcase classname="addTraveler.AddTraveler" name="flightBooking" time="32.284"/>
  <testcase classname="addTraveler.AddTraveler" name="flightBooking" time="32.397"/>
  <testcase classname="addTraveler.AddTraveler" name="flightBooking" time="32.515"/>
  <testcase classname="addTraveler.AddTraveler" name="flightBooking" time="32.722"/>
  <testcase classname="addTraveler.AddTraveler" name="flightBooking" time="32.905"/>
  <testcase classname="addTraveler.AddTraveler" name="flightBooking" time="90.952">
    <failure type="org.openqa.selenium.ElementClickInterceptedException" message="element click intercepted: Element &amp;lt;input type=&amp;quot;radio&amp;quot; class=&amp;quot;mdc-radio__native-control&amp;quot; id=&amp;quot;mat-radio-9-input&amp;quot; name=&amp;quot;mat-radio-group-7&amp;quot; value=&amp;quot;0&amp;quot; tabindex=&amp;quot;0&amp;quot;&amp;gt; is not clickable at point (829, 863). Other element would receive the click: &amp;lt;mat-option _ngcontent-ng-c2276140086=&amp;quot;&amp;quot; role=&amp;quot;option&amp;quot; class=&amp;quot;mat-mdc-option mdc-list-item mat-mdc-option-active ng-tns-c3393473648-58 ng-star-inserted&amp;quot; id=&amp;quot;mat-option-9&amp;quot; aria-selected=&amp;quot;false&amp;quot; aria-disabled=&amp;quot;false&amp;quot; style=&amp;quot;&amp;quot;&amp;gt;...&amp;lt;/mat-option&amp;gt;
  (Session info: chrome=136.0.7103.114)
Build info: version: &amp;apos;4.1.4&amp;apos;, revision: &amp;apos;535d840ee2&amp;apos;
System info: host: &amp;apos;QLINGGNQADT0033&amp;apos;, ip: &amp;apos;192.168.111.116&amp;apos;, os.name: &amp;apos;Windows 10&amp;apos;, os.arch: &amp;apos;amd64&amp;apos;, os.version: &amp;apos;10.0&amp;apos;, java.version: &amp;apos;17.0.1&amp;apos;
Driver info: org.openqa.selenium.chrome.ChromeDriver
Command: [a20cfb4097cf82051896d350acf3a6eb, clickElement {id=f.E11761BA69FA3BD75D380A5A53C207F8.d.1C6DDCEFFEA5506CC5C400BFBB6E4AA7.e.158}]
Capabilities {acceptInsecureCerts: false, browserName: chrome, browserVersion: 136.0.7103.114, chrome: {chromedriverVersion: 136.0.7103.92 (cb81a4cc5087..., userDataDir: C:\Users\BALKRI~1.SHA\AppDa...}, fedcm:accounts: true, goog:chromeOptions: {debuggerAddress: localhost:53288}, javascriptEnabled: true, networkConnectionEnabled: false, pageLoadStrategy: normal, platform: WINDOWS, platformName: WINDOWS, proxy: Proxy(), se:cdp: ws://localhost:53288/devtoo..., se:cdpVersion: 136.0.7103.114, setWindowRect: true, strictFileInteractability: false, timeouts: {implicit: 0, pageLoad: 300000, script: 30000}, unhandledPromptBehavior: dismiss and notify, webauthn:extension:credBlob: true, webauthn:extension:largeBlob: true, webauthn:extension:minPinLength: true, webauthn:extension:prf: true, webauthn:virtualAuthenticators: true}
Element: [[ChromeDriver: chrome on WINDOWS (a20cfb4097cf82051896d350acf3a6eb)] -&amp;gt; xpath: //input[contains(@id,&amp;apos;mat-radio-&amp;apos;) and @value=&amp;apos;0&amp;apos;]]
Session ID: a20cfb4097cf82051896d350acf3a6eb">
      <![CDATA[org.openqa.selenium.ElementClickInterceptedException: element click intercepted: Element <input type="radio" class="mdc-radio__native-control" id="mat-radio-9-input" name="mat-radio-group-7" value="0" tabindex="0"> is not clickable at point (829, 863). Other element would receive the click: <mat-option _ngcontent-ng-c2276140086="" role="option" class="mat-mdc-option mdc-list-item mat-mdc-option-active ng-tns-c3393473648-58 ng-star-inserted" id="mat-option-9" aria-selected="false" aria-disabled="false" style="">...</mat-option>
  (Session info: chrome=136.0.7103.114)
Build info: version: '4.1.4', revision: '535d840ee2'
System info: host: 'QLINGGNQADT0033', ip: '192.168.111.116', os.name: 'Windows 10', os.arch: 'amd64', os.version: '10.0', java.version: '17.0.1'
Driver info: org.openqa.selenium.chrome.ChromeDriver
Command: [a20cfb4097cf82051896d350acf3a6eb, clickElement {id=f.E11761BA69FA3BD75D380A5A53C207F8.d.1C6DDCEFFEA5506CC5C400BFBB6E4AA7.e.158}]
Capabilities {acceptInsecureCerts: false, browserName: chrome, browserVersion: 136.0.7103.114, chrome: {chromedriverVersion: 136.0.7103.92 (cb81a4cc5087..., userDataDir: C:\Users\BALKRI~1.SHA\AppDa...}, fedcm:accounts: true, goog:chromeOptions: {debuggerAddress: localhost:53288}, javascriptEnabled: true, networkConnectionEnabled: false, pageLoadStrategy: normal, platform: WINDOWS, platformName: WINDOWS, proxy: Proxy(), se:cdp: ws://localhost:53288/devtoo..., se:cdpVersion: 136.0.7103.114, setWindowRect: true, strictFileInteractability: false, timeouts: {implicit: 0, pageLoad: 300000, script: 30000}, unhandledPromptBehavior: dismiss and notify, webauthn:extension:credBlob: true, webauthn:extension:largeBlob: true, webauthn:extension:minPinLength: true, webauthn:extension:prf: true, webauthn:virtualAuthenticators: true}
Element: [[ChromeDriver: chrome on WINDOWS (a20cfb4097cf82051896d350acf3a6eb)] -> xpath: //input[contains(@id,'mat-radio-') and @value='0']]
Session ID: a20cfb4097cf82051896d350acf3a6eb
	at java.base/jdk.internal.reflect.NativeConstructorAccessorImpl.newInstance0(Native Method)
	at java.base/jdk.internal.reflect.NativeConstructorAccessorImpl.newInstance(NativeConstructorAccessorImpl.java:77)
	at java.base/jdk.internal.reflect.DelegatingConstructorAccessorImpl.newInstance(DelegatingConstructorAccessorImpl.java:45)
	at java.base/java.lang.reflect.Constructor.newInstanceWithCaller(Constructor.java:499)
	at java.base/java.lang.reflect.Constructor.newInstance(Constructor.java:480)
	at org.openqa.selenium.remote.codec.w3c.W3CHttpResponseCodec.createException(W3CHttpResponseCodec.java:200)
	at org.openqa.selenium.remote.codec.w3c.W3CHttpResponseCodec.decode(W3CHttpResponseCodec.java:133)
	at org.openqa.selenium.remote.codec.w3c.W3CHttpResponseCodec.decode(W3CHttpResponseCodec.java:53)
	at org.openqa.selenium.remote.HttpCommandExecutor.execute(HttpCommandExecutor.java:184)
	at org.openqa.selenium.remote.service.DriverCommandExecutor.invokeExecute(DriverCommandExecutor.java:167)
	at org.openqa.selenium.remote.service.DriverCommandExecutor.execute(DriverCommandExecutor.java:142)
	at org.openqa.selenium.remote.RemoteWebDriver.execute(RemoteWebDriver.java:567)
	at org.openqa.selenium.remote.RemoteWebElement.execute(RemoteWebElement.java:251)
	at org.openqa.selenium.remote.RemoteWebElement.click(RemoteWebElement.java:77)
	at addTraveler.AddTraveler.flightBooking(AddTraveler.java:121)
	at java.base/jdk.internal.reflect.NativeMethodAccessorImpl.invoke0(Native Method)
	at java.base/jdk.internal.reflect.NativeMethodAccessorImpl.invoke(NativeMethodAccessorImpl.java:77)
	at java.base/jdk.internal.reflect.DelegatingMethodAccessorImpl.invoke(DelegatingMethodAccessorImpl.java:43)
	at java.base/java.lang.reflect.Method.invoke(Method.java:568)
	at org.testng.internal.MethodInvocationHelper.invokeMethod(MethodInvocationHelper.java:104)
	at org.testng.internal.Invoker.invokeMethod(Invoker.java:645)
	at org.testng.internal.Invoker.invokeTestMethod(Invoker.java:851)
	at org.testng.internal.Invoker.invokeTestMethods(Invoker.java:1177)
	at org.testng.internal.TestMethodWorker.invokeTestMethods(TestMethodWorker.java:129)
	at org.testng.internal.TestMethodWorker.run(TestMethodWorker.java:112)
	at org.testng.TestRunner.privateRun(TestRunner.java:756)
	at org.testng.TestRunner.run(TestRunner.java:610)
	at org.testng.SuiteRunner.runTest(SuiteRunner.java:387)
	at org.testng.SuiteRunner.runSequentially(SuiteRunner.java:382)
	at org.testng.SuiteRunner.privateRun(SuiteRunner.java:340)
	at org.testng.SuiteRunner.run(SuiteRunner.java:289)
	at org.testng.SuiteRunnerWorker.runSuite(SuiteRunnerWorker.java:52)
	at org.testng.SuiteRunnerWorker.run(SuiteRunnerWorker.java:86)
	at org.testng.TestNG.runSuitesSequentially(TestNG.java:1293)
	at org.testng.TestNG.runSuitesLocally(TestNG.java:1218)
	at org.testng.TestNG.runSuites(TestNG.java:1133)
	at org.testng.TestNG.run(TestNG.java:1104)
	at org.testng.remote.AbstractRemoteTestNG.run(AbstractRemoteTestNG.java:115)
	at org.testng.remote.RemoteTestNG.initAndRun(RemoteTestNG.java:251)
	at org.testng.remote.RemoteTestNG.main(RemoteTestNG.java:77)
]]>
    </failure>
  </testcase> <!-- flightBooking -->
  <testcase classname="addTraveler.AddTraveler" name="flightBooking" time="31.892"/>
  <testcase classname="addTraveler.AddTraveler" name="flightBooking" time="32.817"/>
  <testcase classname="addTraveler.AddTraveler" name="flightBooking" time="32.387"/>
  <testcase classname="addTraveler.AddTraveler" name="flightBooking" time="32.384"/>
  <testcase classname="addTraveler.AddTraveler" name="flightBooking" time="32.734"/>
  <testcase classname="addTraveler.AddTraveler" name="flightBooking" time="32.605"/>
  <testcase classname="addTraveler.AddTraveler" name="flightBooking" time="33.165"/>
  <testcase classname="addTraveler.AddTraveler" name="flightBooking" time="32.398"/>
  <testcase classname="addTraveler.AddTraveler" name="flightBooking" time="32.367"/>
  <testcase classname="addTraveler.AddTraveler" name="flightBooking" time="32.64"/>
  <testcase classname="addTraveler.AddTraveler" name="flightBooking" time="32.076"/>
  <testcase classname="addTraveler.AddTraveler" name="flightBooking" time="31.926"/>
  <testcase classname="addTraveler.AddTraveler" name="flightBooking" time="31.827"/>
  <testcase classname="addTraveler.AddTraveler" name="flightBooking" time="40.798">
    <failure type="org.openqa.selenium.NoSuchElementException" message="no such element: Unable to locate element: {&amp;quot;method&amp;quot;:&amp;quot;xpath&amp;quot;,&amp;quot;selector&amp;quot;:&amp;quot;/html/body/app-root/app-layout/div/app-login/div/div/div[1]/mat-card/form/div[3]/button&amp;quot;}
  (Session info: chrome=136.0.7103.114)
For documentation on this error, please visit: https://selenium.dev/exceptions/#no_such_element
Build info: version: &amp;apos;4.1.4&amp;apos;, revision: &amp;apos;535d840ee2&amp;apos;
System info: host: &amp;apos;QLINGGNQADT0033&amp;apos;, ip: &amp;apos;192.168.111.116&amp;apos;, os.name: &amp;apos;Windows 10&amp;apos;, os.arch: &amp;apos;amd64&amp;apos;, os.version: &amp;apos;10.0&amp;apos;, java.version: &amp;apos;17.0.1&amp;apos;
Driver info: org.openqa.selenium.chrome.ChromeDriver
Command: [f463df76bb57bd1e59a7d75089e14adb, findElement {using=xpath, value=/html/body/app-root/app-layout/div/app-login/div/div/div[1]/mat-card/form/div[3]/button}]
Capabilities {acceptInsecureCerts: false, browserName: chrome, browserVersion: 136.0.7103.114, chrome: {chromedriverVersion: 136.0.7103.92 (cb81a4cc5087..., userDataDir: C:\Users\BALKRI~1.SHA\AppDa...}, fedcm:accounts: true, goog:chromeOptions: {debuggerAddress: localhost:54079}, javascriptEnabled: true, networkConnectionEnabled: false, pageLoadStrategy: normal, platform: WINDOWS, platformName: WINDOWS, proxy: Proxy(), se:cdp: ws://localhost:54079/devtoo..., se:cdpVersion: 136.0.7103.114, setWindowRect: true, strictFileInteractability: false, timeouts: {implicit: 0, pageLoad: 300000, script: 30000}, unhandledPromptBehavior: dismiss and notify, webauthn:extension:credBlob: true, webauthn:extension:largeBlob: true, webauthn:extension:minPinLength: true, webauthn:extension:prf: true, webauthn:virtualAuthenticators: true}
Session ID: f463df76bb57bd1e59a7d75089e14adb">
      <![CDATA[org.openqa.selenium.NoSuchElementException: no such element: Unable to locate element: {"method":"xpath","selector":"/html/body/app-root/app-layout/div/app-login/div/div/div[1]/mat-card/form/div[3]/button"}
  (Session info: chrome=136.0.7103.114)
For documentation on this error, please visit: https://selenium.dev/exceptions/#no_such_element
Build info: version: '4.1.4', revision: '535d840ee2'
System info: host: 'QLINGGNQADT0033', ip: '192.168.111.116', os.name: 'Windows 10', os.arch: 'amd64', os.version: '10.0', java.version: '17.0.1'
Driver info: org.openqa.selenium.chrome.ChromeDriver
Command: [f463df76bb57bd1e59a7d75089e14adb, findElement {using=xpath, value=/html/body/app-root/app-layout/div/app-login/div/div/div[1]/mat-card/form/div[3]/button}]
Capabilities {acceptInsecureCerts: false, browserName: chrome, browserVersion: 136.0.7103.114, chrome: {chromedriverVersion: 136.0.7103.92 (cb81a4cc5087..., userDataDir: C:\Users\BALKRI~1.SHA\AppDa...}, fedcm:accounts: true, goog:chromeOptions: {debuggerAddress: localhost:54079}, javascriptEnabled: true, networkConnectionEnabled: false, pageLoadStrategy: normal, platform: WINDOWS, platformName: WINDOWS, proxy: Proxy(), se:cdp: ws://localhost:54079/devtoo..., se:cdpVersion: 136.0.7103.114, setWindowRect: true, strictFileInteractability: false, timeouts: {implicit: 0, pageLoad: 300000, script: 30000}, unhandledPromptBehavior: dismiss and notify, webauthn:extension:credBlob: true, webauthn:extension:largeBlob: true, webauthn:extension:minPinLength: true, webauthn:extension:prf: true, webauthn:virtualAuthenticators: true}
Session ID: f463df76bb57bd1e59a7d75089e14adb
	at java.base/jdk.internal.reflect.NativeConstructorAccessorImpl.newInstance0(Native Method)
	at java.base/jdk.internal.reflect.NativeConstructorAccessorImpl.newInstance(NativeConstructorAccessorImpl.java:77)
	at java.base/jdk.internal.reflect.DelegatingConstructorAccessorImpl.newInstance(DelegatingConstructorAccessorImpl.java:45)
	at java.base/java.lang.reflect.Constructor.newInstanceWithCaller(Constructor.java:499)
	at java.base/java.lang.reflect.Constructor.newInstance(Constructor.java:480)
	at org.openqa.selenium.remote.codec.w3c.W3CHttpResponseCodec.createException(W3CHttpResponseCodec.java:200)
	at org.openqa.selenium.remote.codec.w3c.W3CHttpResponseCodec.decode(W3CHttpResponseCodec.java:133)
	at org.openqa.selenium.remote.codec.w3c.W3CHttpResponseCodec.decode(W3CHttpResponseCodec.java:53)
	at org.openqa.selenium.remote.HttpCommandExecutor.execute(HttpCommandExecutor.java:184)
	at org.openqa.selenium.remote.service.DriverCommandExecutor.invokeExecute(DriverCommandExecutor.java:167)
	at org.openqa.selenium.remote.service.DriverCommandExecutor.execute(DriverCommandExecutor.java:142)
	at org.openqa.selenium.remote.RemoteWebDriver.execute(RemoteWebDriver.java:567)
	at org.openqa.selenium.remote.ElementLocation$ElementFinder$2.findElement(ElementLocation.java:162)
	at org.openqa.selenium.remote.ElementLocation.findElement(ElementLocation.java:60)
	at org.openqa.selenium.remote.RemoteWebDriver.findElement(RemoteWebDriver.java:385)
	at org.openqa.selenium.remote.RemoteWebDriver.findElement(RemoteWebDriver.java:377)
	at utilities.QaRobot.getLocator(QaRobot.java:74)
	at utilities.QaRobot.getWebElement(QaRobot.java:198)
	at utilities.QaRobot.ClickOnElement(QaRobot.java:219)
	at addTraveler.AddTraveler.flightBooking(AddTraveler.java:48)
	at jdk.internal.reflect.GeneratedMethodAccessor1.invoke(Unknown Source)
	at java.base/jdk.internal.reflect.DelegatingMethodAccessorImpl.invoke(DelegatingMethodAccessorImpl.java:43)
	at java.base/java.lang.reflect.Method.invoke(Method.java:568)
	at org.testng.internal.MethodInvocationHelper.invokeMethod(MethodInvocationHelper.java:104)
	at org.testng.internal.Invoker.invokeMethod(Invoker.java:645)
	at org.testng.internal.Invoker.invokeTestMethod(Invoker.java:851)
	at org.testng.internal.Invoker.invokeTestMethods(Invoker.java:1177)
	at org.testng.internal.TestMethodWorker.invokeTestMethods(TestMethodWorker.java:129)
	at org.testng.internal.TestMethodWorker.run(TestMethodWorker.java:112)
	at org.testng.TestRunner.privateRun(TestRunner.java:756)
	at org.testng.TestRunner.run(TestRunner.java:610)
	at org.testng.SuiteRunner.runTest(SuiteRunner.java:387)
	at org.testng.SuiteRunner.runSequentially(SuiteRunner.java:382)
	at org.testng.SuiteRunner.privateRun(SuiteRunner.java:340)
	at org.testng.SuiteRunner.run(SuiteRunner.java:289)
	at org.testng.SuiteRunnerWorker.runSuite(SuiteRunnerWorker.java:52)
	at org.testng.SuiteRunnerWorker.run(SuiteRunnerWorker.java:86)
	at org.testng.TestNG.runSuitesSequentially(TestNG.java:1293)
	at org.testng.TestNG.runSuitesLocally(TestNG.java:1218)
	at org.testng.TestNG.runSuites(TestNG.java:1133)
	at org.testng.TestNG.run(TestNG.java:1104)
	at org.testng.remote.AbstractRemoteTestNG.run(AbstractRemoteTestNG.java:115)
	at org.testng.remote.RemoteTestNG.initAndRun(RemoteTestNG.java:251)
	at org.testng.remote.RemoteTestNG.main(RemoteTestNG.java:77)
]]>
    </failure>
  </testcase> <!-- flightBooking -->
  <testcase classname="addTraveler.AddTraveler" name="flightBooking" time="33.386"/>
  <testcase classname="addTraveler.AddTraveler" name="flightBooking" time="33.584"/>
  <testcase classname="addTraveler.AddTraveler" name="flightBooking" time="31.937"/>
  <testcase classname="addTraveler.AddTraveler" name="flightBooking" time="31.67"/>
  <testcase classname="addTraveler.AddTraveler" name="flightBooking" time="31.959"/>
  <testcase classname="addTraveler.AddTraveler" name="flightBooking" time="31.626"/>
  <testcase classname="addTraveler.AddTraveler" name="flightBooking" time="32.688"/>
  <testcase classname="addTraveler.AddTraveler" name="flightBooking" time="32.579"/>
  <testcase classname="addTraveler.AddTraveler" name="flightBooking" time="33.029"/>
  <testcase classname="addTraveler.AddTraveler" name="flightBooking" time="32.467"/>
  <testcase classname="addTraveler.AddTraveler" name="flightBooking" time="32.506"/>
  <testcase classname="addTraveler.AddTraveler" name="flightBooking" time="33.242"/>
  <testcase classname="addTraveler.AddTraveler" name="flightBooking" time="32.041"/>
  <testcase classname="addTraveler.AddTraveler" name="flightBooking" time="31.978"/>
  <testcase classname="addTraveler.AddTraveler" name="flightBooking" time="32.152"/>
  <testcase classname="addTraveler.AddTraveler" name="flightBooking" time="31.73"/>
  <testcase classname="addTraveler.AddTraveler" name="flightBooking" time="31.746"/>
  <testcase classname="addTraveler.AddTraveler" name="flightBooking" time="31.45"/>
  <testcase classname="addTraveler.AddTraveler" name="flightBooking" time="32.114"/>
  <testcase classname="addTraveler.AddTraveler" name="flightBooking" time="32.207"/>
  <testcase classname="addTraveler.AddTraveler" name="flightBooking" time="31.83"/>
  <testcase classname="addTraveler.AddTraveler" name="flightBooking" time="32.741"/>
  <testcase classname="addTraveler.AddTraveler" name="flightBooking" time="31.784"/>
  <testcase classname="addTraveler.AddTraveler" name="flightBooking" time="31.644"/>
  <testcase classname="addTraveler.AddTraveler" name="flightBooking" time="31.77"/>
  <testcase classname="addTraveler.AddTraveler" name="flightBooking" time="34.304"/>
  <testcase classname="addTraveler.AddTraveler" name="flightBooking" time="32.082"/>
  <testcase classname="addTraveler.AddTraveler" name="flightBooking" time="31.679"/>
  <testcase classname="addTraveler.AddTraveler" name="flightBooking" time="31.505"/>
  <testcase classname="addTraveler.AddTraveler" name="flightBooking" time="31.895"/>
  <testcase classname="addTraveler.AddTraveler" name="flightBooking" time="32.33"/>
  <testcase classname="addTraveler.AddTraveler" name="flightBooking" time="31.692"/>
  <testcase classname="addTraveler.AddTraveler" name="flightBooking" time="31.982"/>
  <testcase classname="addTraveler.AddTraveler" name="flightBooking" time="32.027"/>
  <testcase classname="addTraveler.AddTraveler" name="flightBooking" time="32.395"/>
  <testcase classname="addTraveler.AddTraveler" name="flightBooking" time="32.303"/>
  <testcase classname="addTraveler.AddTraveler" name="flightBooking" time="32.628"/>
  <testcase classname="addTraveler.AddTraveler" name="flightBooking" time="32.776"/>
  <testcase classname="addTraveler.AddTraveler" name="flightBooking" time="32.638"/>
  <testcase classname="addTraveler.AddTraveler" name="flightBooking" time="31.894"/>
  <testcase classname="addTraveler.AddTraveler" name="flightBooking" time="32.107"/>
  <testcase classname="addTraveler.AddTraveler" name="flightBooking" time="32.505"/>
  <testcase classname="addTraveler.AddTraveler" name="flightBooking" time="32.053"/>
  <testcase classname="addTraveler.AddTraveler" name="flightBooking" time="32.837"/>
  <testcase classname="addTraveler.AddTraveler" name="flightBooking" time="32.637"/>
  <testcase classname="addTraveler.AddTraveler" name="flightBooking" time="32.483"/>
  <testcase classname="addTraveler.AddTraveler" name="flightBooking" time="32.224"/>
  <testcase classname="addTraveler.AddTraveler" name="flightBooking" time="33.257"/>
  <testcase classname="addTraveler.AddTraveler" name="flightBooking" time="32.152"/>
  <testcase classname="addTraveler.AddTraveler" name="flightBooking" time="32.557"/>
  <testcase classname="addTraveler.AddTraveler" name="flightBooking" time="32.964"/>
  <testcase classname="addTraveler.AddTraveler" name="flightBooking" time="32.713"/>
  <testcase classname="addTraveler.AddTraveler" name="flightBooking" time="32.147"/>
  <testcase classname="addTraveler.AddTraveler" name="flightBooking" time="31.635"/>
  <testcase classname="addTraveler.AddTraveler" name="flightBooking" time="31.929"/>
  <testcase classname="addTraveler.AddTraveler" name="flightBooking" time="32.102"/>
  <testcase classname="addTraveler.AddTraveler" name="flightBooking" time="31.786"/>
  <testcase classname="addTraveler.AddTraveler" name="flightBooking" time="40.213"/>
  <testcase classname="addTraveler.AddTraveler" name="flightBooking" time="31.94"/>
  <testcase classname="addTraveler.AddTraveler" name="flightBooking" time="32.088"/>
  <testcase classname="addTraveler.AddTraveler" name="flightBooking" time="31.696"/>
  <testcase classname="addTraveler.AddTraveler" name="flightBooking" time="32.5"/>
  <testcase classname="addTraveler.AddTraveler" name="flightBooking" time="32.766"/>
  <testcase classname="addTraveler.AddTraveler" name="flightBooking" time="32.947"/>
  <testcase classname="addTraveler.AddTraveler" name="flightBooking" time="32.436"/>
  <testcase classname="addTraveler.AddTraveler" name="flightBooking" time="31.752"/>
  <testcase classname="addTraveler.AddTraveler" name="flightBooking" time="31.843"/>
  <testcase classname="addTraveler.AddTraveler" name="flightBooking" time="32.184"/>
  <testcase classname="addTraveler.AddTraveler" name="flightBooking" time="31.874"/>
  <testcase classname="addTraveler.AddTraveler" name="flightBooking" time="31.848"/>
  <testcase classname="addTraveler.AddTraveler" name="flightBooking" time="32.558"/>
  <testcase classname="addTraveler.AddTraveler" name="flightBooking" time="32.39"/>
  <testcase classname="addTraveler.AddTraveler" name="flightBooking" time="32.251"/>
  <testcase classname="addTraveler.AddTraveler" name="flightBooking" time="31.743"/>
  <testcase classname="addTraveler.AddTraveler" name="flightBooking" time="31.814"/>
  <testcase classname="addTraveler.AddTraveler" name="flightBooking" time="31.968"/>
  <testcase classname="addTraveler.AddTraveler" name="flightBooking" time="31.826"/>
  <testcase classname="addTraveler.AddTraveler" name="flightBooking" time="31.846"/>
  <testcase classname="addTraveler.AddTraveler" name="flightBooking" time="32.054"/>
  <testcase classname="addTraveler.AddTraveler" name="flightBooking" time="31.853"/>
  <testcase classname="addTraveler.AddTraveler" name="flightBooking" time="31.594"/>
  <testcase classname="addTraveler.AddTraveler" name="flightBooking" time="31.665"/>
  <testcase classname="addTraveler.AddTraveler" name="flightBooking" time="32.362"/>
  <testcase classname="addTraveler.AddTraveler" name="flightBooking" time="31.757"/>
  <testcase classname="addTraveler.AddTraveler" name="flightBooking" time="31.617"/>
  <testcase classname="addTraveler.AddTraveler" name="flightBooking" time="32.845"/>
  <testcase classname="addTraveler.AddTraveler" name="flightBooking" time="31.705"/>
  <testcase classname="addTraveler.AddTraveler" name="flightBooking" time="31.677"/>
  <testcase classname="addTraveler.AddTraveler" name="flightBooking" time="31.903"/>
  <testcase classname="addTraveler.AddTraveler" name="flightBooking" time="31.76"/>
  <testcase classname="addTraveler.AddTraveler" name="flightBooking" time="31.786"/>
  <testcase classname="addTraveler.AddTraveler" name="flightBooking" time="31.855"/>
  <testcase classname="addTraveler.AddTraveler" name="flightBooking" time="32.298"/>
  <testcase classname="addTraveler.AddTraveler" name="flightBooking" time="31.911"/>
  <testcase classname="addTraveler.AddTraveler" name="flightBooking" time="31.79"/>
  <testcase classname="addTraveler.AddTraveler" name="flightBooking" time="31.708"/>
  <testcase classname="addTraveler.AddTraveler" name="flightBooking" time="31.684"/>
  <testcase classname="addTraveler.AddTraveler" name="flightBooking" time="31.677"/>
  <testcase classname="addTraveler.AddTraveler" name="flightBooking" time="31.838"/>
  <testcase classname="addTraveler.AddTraveler" name="flightBooking" time="32.476"/>
  <testcase classname="addTraveler.AddTraveler" name="flightBooking" time="32.441"/>
  <testcase classname="addTraveler.AddTraveler" name="flightBooking" time="32.326"/>
  <testcase classname="addTraveler.AddTraveler" name="flightBooking" time="32.258"/>
  <testcase classname="addTraveler.AddTraveler" name="flightBooking" time="32.276"/>
  <testcase classname="addTraveler.AddTraveler" name="flightBooking" time="32.59"/>
  <testcase classname="addTraveler.AddTraveler" name="flightBooking" time="31.966"/>
  <testcase classname="addTraveler.AddTraveler" name="flightBooking" time="33.697"/>
  <testcase classname="addTraveler.AddTraveler" name="flightBooking" time="39.609"/>
  <testcase classname="addTraveler.AddTraveler" name="flightBooking" time="33.622"/>
  <testcase classname="addTraveler.AddTraveler" name="flightBooking" time="32.207"/>
  <testcase classname="addTraveler.AddTraveler" name="flightBooking" time="31.959"/>
  <testcase classname="addTraveler.AddTraveler" name="flightBooking" time="33.018"/>
  <testcase classname="addTraveler.AddTraveler" name="flightBooking" time="31.865"/>
  <testcase classname="addTraveler.AddTraveler" name="flightBooking" time="32.757"/>
  <testcase classname="addTraveler.AddTraveler" name="flightBooking" time="31.609"/>
  <testcase classname="addTraveler.AddTraveler" name="flightBooking" time="31.869"/>
  <testcase classname="addTraveler.AddTraveler" name="flightBooking" time="31.684"/>
  <testcase classname="addTraveler.AddTraveler" name="flightBooking" time="31.851"/>
  <testcase classname="addTraveler.AddTraveler" name="flightBooking" time="38.454"/>
  <testcase classname="addTraveler.AddTraveler" name="flightBooking" time="32.047"/>
  <testcase classname="addTraveler.AddTraveler" name="flightBooking" time="31.685"/>
  <testcase classname="addTraveler.AddTraveler" name="flightBooking" time="32.385"/>
  <testcase classname="addTraveler.AddTraveler" name="flightBooking" time="31.922"/>
  <testcase classname="addTraveler.AddTraveler" name="flightBooking" time="32.34"/>
  <testcase classname="addTraveler.AddTraveler" name="flightBooking" time="32.306"/>
  <testcase classname="addTraveler.AddTraveler" name="flightBooking" time="31.747"/>
  <testcase classname="addTraveler.AddTraveler" name="flightBooking" time="32.278"/>
  <testcase classname="addTraveler.AddTraveler" name="flightBooking" time="32.281"/>
  <testcase classname="addTraveler.AddTraveler" name="flightBooking" time="32.754"/>
  <testcase classname="addTraveler.AddTraveler" name="flightBooking" time="31.75"/>
  <testcase classname="addTraveler.AddTraveler" name="flightBooking" time="31.925"/>
  <testcase classname="addTraveler.AddTraveler" name="flightBooking" time="31.956"/>
  <testcase classname="addTraveler.AddTraveler" name="flightBooking" time="31.784"/>
  <testcase classname="addTraveler.AddTraveler" name="flightBooking" time="31.953"/>
  <testcase classname="addTraveler.AddTraveler" name="flightBooking" time="38.915"/>
  <testcase classname="addTraveler.AddTraveler" name="flightBooking" time="31.82"/>
  <testcase classname="addTraveler.AddTraveler" name="flightBooking" time="31.818"/>
  <testcase classname="addTraveler.AddTraveler" name="flightBooking" time="31.7"/>
  <testcase classname="addTraveler.AddTraveler" name="flightBooking" time="32.539"/>
  <testcase classname="addTraveler.AddTraveler" name="flightBooking" time="31.716"/>
  <testcase classname="addTraveler.AddTraveler" name="flightBooking" time="31.775"/>
  <testcase classname="addTraveler.AddTraveler" name="flightBooking" time="32.829"/>
  <testcase classname="addTraveler.AddTraveler" name="flightBooking" time="31.661"/>
  <testcase classname="addTraveler.AddTraveler" name="flightBooking" time="31.878"/>
  <testcase classname="addTraveler.AddTraveler" name="flightBooking" time="32.048"/>
  <testcase classname="addTraveler.AddTraveler" name="flightBooking" time="31.858"/>
  <testcase classname="addTraveler.AddTraveler" name="flightBooking" time="31.884"/>
  <testcase classname="addTraveler.AddTraveler" name="flightBooking" time="31.702"/>
  <testcase classname="addTraveler.AddTraveler" name="flightBooking" time="31.493"/>
  <testcase classname="addTraveler.AddTraveler" name="flightBooking" time="31.95"/>
  <testcase classname="addTraveler.AddTraveler" name="flightBooking" time="33.721"/>
  <testcase classname="addTraveler.AddTraveler" name="flightBooking" time="35.65"/>
  <testcase classname="addTraveler.AddTraveler" name="flightBooking" time="33.836"/>
  <testcase classname="addTraveler.AddTraveler" name="flightBooking" time="32.299"/>
  <testcase classname="addTraveler.AddTraveler" name="flightBooking" time="38.304"/>
  <testcase classname="addTraveler.AddTraveler" name="flightBooking" time="32.1"/>
  <testcase classname="addTraveler.AddTraveler" name="flightBooking" time="31.866"/>
  <testcase classname="addTraveler.AddTraveler" name="flightBooking" time="31.489"/>
  <testcase classname="addTraveler.AddTraveler" name="flightBooking" time="32.954"/>
  <testcase classname="addTraveler.AddTraveler" name="flightBooking" time="32.964"/>
  <testcase classname="addTraveler.AddTraveler" name="flightBooking" time="37.673"/>
  <testcase classname="addTraveler.AddTraveler" name="flightBooking" time="31.824"/>
  <testcase classname="addTraveler.AddTraveler" name="flightBooking" time="31.657"/>
  <testcase classname="addTraveler.AddTraveler" name="flightBooking" time="31.903"/>
  <testcase classname="addTraveler.AddTraveler" name="flightBooking" time="33.674"/>
  <testcase classname="addTraveler.AddTraveler" name="flightBooking" time="31.793"/>
  <testcase classname="addTraveler.AddTraveler" name="flightBooking" time="31.903"/>
  <testcase classname="addTraveler.AddTraveler" name="flightBooking" time="31.873"/>
  <testcase classname="addTraveler.AddTraveler" name="flightBooking" time="32.158"/>
  <testcase classname="addTraveler.AddTraveler" name="flightBooking" time="32.201"/>
  <testcase classname="addTraveler.AddTraveler" name="flightBooking" time="31.946"/>
  <testcase classname="addTraveler.AddTraveler" name="flightBooking" time="31.866"/>
  <testcase classname="addTraveler.AddTraveler" name="flightBooking" time="31.831"/>
  <testcase classname="addTraveler.AddTraveler" name="flightBooking" time="32.19"/>
  <testcase classname="addTraveler.AddTraveler" name="flightBooking" time="31.581"/>
  <testcase classname="addTraveler.AddTraveler" name="flightBooking" time="32.111"/>
  <testcase classname="addTraveler.AddTraveler" name="flightBooking" time="32.144"/>
  <testcase classname="addTraveler.AddTraveler" name="flightBooking" time="31.875"/>
  <testcase classname="addTraveler.AddTraveler" name="flightBooking" time="31.838"/>
  <testcase classname="addTraveler.AddTraveler" name="flightBooking" time="32.071"/>
  <testcase classname="addTraveler.AddTraveler" name="flightBooking" time="31.823"/>
  <testcase classname="addTraveler.AddTraveler" name="flightBooking" time="31.484"/>
  <testcase classname="addTraveler.AddTraveler" name="flightBooking" time="32.022"/>
  <testcase classname="addTraveler.AddTraveler" name="flightBooking" time="32.215"/>
  <testcase classname="addTraveler.AddTraveler" name="flightBooking" time="31.823"/>
  <testcase classname="addTraveler.AddTraveler" name="flightBooking" time="31.411"/>
  <testcase classname="addTraveler.AddTraveler" name="flightBooking" time="45.493"/>
  <testcase classname="addTraveler.AddTraveler" name="flightBooking" time="31.903"/>
  <testcase classname="addTraveler.AddTraveler" name="flightBooking" time="31.96"/>
  <testcase classname="addTraveler.AddTraveler" name="flightBooking" time="32.024"/>
  <testcase classname="addTraveler.AddTraveler" name="flightBooking" time="32.003"/>
  <testcase classname="addTraveler.AddTraveler" name="flightBooking" time="31.126"/>
  <testcase classname="addTraveler.AddTraveler" name="flightBooking" time="31.778"/>
  <testcase classname="addTraveler.AddTraveler" name="flightBooking" time="32.096"/>
  <testcase classname="addTraveler.AddTraveler" name="flightBooking" time="34.533"/>
  <testcase classname="addTraveler.AddTraveler" name="flightBooking" time="34.102"/>
  <testcase classname="addTraveler.AddTraveler" name="flightBooking" time="33.919"/>
  <testcase classname="addTraveler.AddTraveler" name="flightBooking" time="33.833"/>
  <testcase classname="addTraveler.AddTraveler" name="flightBooking" time="32.002"/>
  <testcase classname="addTraveler.AddTraveler" name="flightBooking" time="31.759"/>
  <testcase classname="addTraveler.AddTraveler" name="flightBooking" time="31.892"/>
  <testcase classname="addTraveler.AddTraveler" name="flightBooking" time="32.502"/>
  <testcase classname="addTraveler.AddTraveler" name="flightBooking" time="33.926"/>
  <testcase classname="addTraveler.AddTraveler" name="flightBooking" time="32.485"/>
  <testcase classname="addTraveler.AddTraveler" name="flightBooking" time="32.824"/>
  <testcase classname="addTraveler.AddTraveler" name="flightBooking" time="32.321"/>
  <testcase classname="addTraveler.AddTraveler" name="flightBooking" time="31.804"/>
  <testcase classname="addTraveler.AddTraveler" name="flightBooking" time="31.89"/>
  <testcase classname="addTraveler.AddTraveler" name="flightBooking" time="31.945"/>
  <testcase classname="addTraveler.AddTraveler" name="flightBooking" time="31.568"/>
  <testcase classname="addTraveler.AddTraveler" name="flightBooking" time="32.232"/>
  <testcase classname="addTraveler.AddTraveler" name="flightBooking" time="31.686"/>
  <testcase classname="addTraveler.AddTraveler" name="flightBooking" time="31.633"/>
  <testcase classname="addTraveler.AddTraveler" name="flightBooking" time="31.88"/>
  <testcase classname="addTraveler.AddTraveler" name="flightBooking" time="31.764"/>
  <testcase classname="addTraveler.AddTraveler" name="flightBooking" time="32.016"/>
  <testcase classname="addTraveler.AddTraveler" name="flightBooking" time="31.886"/>
  <testcase classname="addTraveler.AddTraveler" name="flightBooking" time="31.874"/>
  <testcase classname="addTraveler.AddTraveler" name="flightBooking" time="31.567"/>
  <testcase classname="addTraveler.AddTraveler" name="flightBooking" time="31.939"/>
  <testcase classname="addTraveler.AddTraveler" name="flightBooking" time="31.649"/>
  <testcase classname="addTraveler.AddTraveler" name="flightBooking" time="31.591"/>
  <testcase classname="addTraveler.AddTraveler" name="flightBooking" time="32.245"/>
</testsuite> <!-- Default test -->
