<?xml version="1.0" encoding="UTF-8"?>
<testng-results ignored="0" total="249" passed="247" failed="2" skipped="0">
  <reporter-output>
  </reporter-output>
  <suite started-at="2025-05-27T13:14:50Z" name="Default suite" finished-at="2025-05-27T15:32:06Z" duration-ms="8236370">
    <groups>
    </groups>
    <test started-at="2025-05-27T13:14:50Z" name="Default test" finished-at="2025-05-27T15:32:06Z" duration-ms="8236370">
      <class name="addTraveler.AddTraveler">
        <test-method signature="flightBooking(java.lang.String, java.lang.String, java.lang.String, java.lang.String, java.lang.String, java.lang.String, java.lang.String, java.lang.String, java.lang.String, java.lang.String, java.lang.String, java.lang.String, java.lang.String, java.lang.String, java.lang.String, java.lang.String, java.lang.String, java.lang.String, java.lang.String)[pri:0, instance:addTraveler.AddTraveler@4671115f]" started-at="2025-05-27T18:44:52Z" name="flightBooking" data-provider="getexceldata" finished-at="2025-05-27T18:45:26Z" duration-ms="34096" status="PASS">
          <params>
            <param index="0">
              <value>
                <![CDATA[Test Case 1]]>
              </value>
            </param>
            <param index="1">
              <value>
                <![CDATA[Positive]]>
              </value>
            </param>
            <param index="2">
              <value>
                <![CDATA[Adding new traveler 1]]>
              </value>
            </param>
            <param index="3">
              <value>
                <![CDATA[saudia]]>
              </value>
            </param>
            <param index="4">
              <value>
                <![CDATA[dev.saudia.quadlabs.net]]>
              </value>
            </param>
            <param index="5">
              <value>
                <![CDATA[Bal Krishna Sharma]]>
              </value>
            </param>
            <param index="6">
              <value>
                <![CDATA[Administrator]]>
              </value>
            </param>
            <param index="7">
              <value>
                <![CDATA[puneet.malik@quadlabs.com]]>
              </value>
            </param>
            <param index="8">
              <value>
                <![CDATA[Qlindia@1234]]>
              </value>
            </param>
            <param index="9">
              <value>
                <![CDATA[Mr]]>
              </value>
            </param>
            <param index="10">
              <value>
                <![CDATA[20-AUG-1991]]>
              </value>
            </param>
            <param index="11">
              <value>
                <![CDATA[Max]]>
              </value>
            </param>
            <param index="12">
              <value>
                <![CDATA[Riley]]>
              </value>
            </param>
            <param index="13">
              <value>
                <![CDATA[QA_]]>
              </value>
            </param>
            <param index="14">
              <value>
                <![CDATA[m.riley@yopmail.com]]>
              </value>
            </param>
            <param index="15">
              <value>
                <![CDATA[TEST CORP]]>
              </value>
            </param>
            <param index="16">
              <value>
                <![CDATA[Administrator]]>
              </value>
            </param>
            <param index="17">
              <value>
                <![CDATA[m.riley@yopmail.com]]>
              </value>
            </param>
            <param index="18">
              <value>
                <![CDATA[9876500001]]>
              </value>
            </param>
          </params>
          <reporter-output>
          </reporter-output>
        </test-method> <!-- flightBooking -->
        <test-method signature="flightBooking(java.lang.String, java.lang.String, java.lang.String, java.lang.String, java.lang.String, java.lang.String, java.lang.String, java.lang.String, java.lang.String, java.lang.String, java.lang.String, java.lang.String, java.lang.String, java.lang.String, java.lang.String, java.lang.String, java.lang.String, java.lang.String, java.lang.String)[pri:0, instance:addTraveler.AddTraveler@4671115f]" started-at="2025-05-27T18:45:26Z" name="flightBooking" data-provider="getexceldata" finished-at="2025-05-27T18:45:58Z" duration-ms="31902" status="PASS">
          <params>
            <param index="0">
              <value>
                <![CDATA[Test Case 2]]>
              </value>
            </param>
            <param index="1">
              <value>
                <![CDATA[Positive]]>
              </value>
            </param>
            <param index="2">
              <value>
                <![CDATA[Adding new traveler 2]]>
              </value>
            </param>
            <param index="3">
              <value>
                <![CDATA[saudia]]>
              </value>
            </param>
            <param index="4">
              <value>
                <![CDATA[dev.saudia.quadlabs.net]]>
              </value>
            </param>
            <param index="5">
              <value>
                <![CDATA[Bal Krishna Sharma]]>
              </value>
            </param>
            <param index="6">
              <value>
                <![CDATA[Administrator]]>
              </value>
            </param>
            <param index="7">
              <value>
                <![CDATA[puneet.malik@quadlabs.com]]>
              </value>
            </param>
            <param index="8">
              <value>
                <![CDATA[Qlindia@1234]]>
              </value>
            </param>
            <param index="9">
              <value>
                <![CDATA[Mr]]>
              </value>
            </param>
            <param index="10">
              <value>
                <![CDATA[21-AUG-1991]]>
              </value>
            </param>
            <param index="11">
              <value>
                <![CDATA[Jack]]>
              </value>
            </param>
            <param index="12">
              <value>
                <![CDATA[Dixon]]>
              </value>
            </param>
            <param index="13">
              <value>
                <![CDATA[QA_]]>
              </value>
            </param>
            <param index="14">
              <value>
                <![CDATA[j.dixon@yopmail.com]]>
              </value>
            </param>
            <param index="15">
              <value>
                <![CDATA[TEST CORP]]>
              </value>
            </param>
            <param index="16">
              <value>
                <![CDATA[Administrator]]>
              </value>
            </param>
            <param index="17">
              <value>
                <![CDATA[j.dixon@yopmail.com]]>
              </value>
            </param>
            <param index="18">
              <value>
                <![CDATA[9876500002]]>
              </value>
            </param>
          </params>
          <reporter-output>
          </reporter-output>
        </test-method> <!-- flightBooking -->
        <test-method signature="flightBooking(java.lang.String, java.lang.String, java.lang.String, java.lang.String, java.lang.String, java.lang.String, java.lang.String, java.lang.String, java.lang.String, java.lang.String, java.lang.String, java.lang.String, java.lang.String, java.lang.String, java.lang.String, java.lang.String, java.lang.String, java.lang.String, java.lang.String)[pri:0, instance:addTraveler.AddTraveler@4671115f]" started-at="2025-05-27T18:45:58Z" name="flightBooking" data-provider="getexceldata" finished-at="2025-05-27T18:46:31Z" duration-ms="32344" status="PASS">
          <params>
            <param index="0">
              <value>
                <![CDATA[Test Case 3]]>
              </value>
            </param>
            <param index="1">
              <value>
                <![CDATA[Positive]]>
              </value>
            </param>
            <param index="2">
              <value>
                <![CDATA[Adding new traveler 3]]>
              </value>
            </param>
            <param index="3">
              <value>
                <![CDATA[saudia]]>
              </value>
            </param>
            <param index="4">
              <value>
                <![CDATA[dev.saudia.quadlabs.net]]>
              </value>
            </param>
            <param index="5">
              <value>
                <![CDATA[Bal Krishna Sharma]]>
              </value>
            </param>
            <param index="6">
              <value>
                <![CDATA[Administrator]]>
              </value>
            </param>
            <param index="7">
              <value>
                <![CDATA[puneet.malik@quadlabs.com]]>
              </value>
            </param>
            <param index="8">
              <value>
                <![CDATA[Qlindia@1234]]>
              </value>
            </param>
            <param index="9">
              <value>
                <![CDATA[Mr]]>
              </value>
            </param>
            <param index="10">
              <value>
                <![CDATA[22-AUG-1991]]>
              </value>
            </param>
            <param index="11">
              <value>
                <![CDATA[Belinda]]>
              </value>
            </param>
            <param index="12">
              <value>
                <![CDATA[Casey]]>
              </value>
            </param>
            <param index="13">
              <value>
                <![CDATA[QA_]]>
              </value>
            </param>
            <param index="14">
              <value>
                <![CDATA[b.casey@yopmail.com]]>
              </value>
            </param>
            <param index="15">
              <value>
                <![CDATA[TEST CORP]]>
              </value>
            </param>
            <param index="16">
              <value>
                <![CDATA[Administrator]]>
              </value>
            </param>
            <param index="17">
              <value>
                <![CDATA[b.casey@yopmail.com]]>
              </value>
            </param>
            <param index="18">
              <value>
                <![CDATA[9876500003]]>
              </value>
            </param>
          </params>
          <reporter-output>
          </reporter-output>
        </test-method> <!-- flightBooking -->
        <test-method signature="flightBooking(java.lang.String, java.lang.String, java.lang.String, java.lang.String, java.lang.String, java.lang.String, java.lang.String, java.lang.String, java.lang.String, java.lang.String, java.lang.String, java.lang.String, java.lang.String, java.lang.String, java.lang.String, java.lang.String, java.lang.String, java.lang.String, java.lang.String)[pri:0, instance:addTraveler.AddTraveler@4671115f]" started-at="2025-05-27T18:46:31Z" name="flightBooking" data-provider="getexceldata" finished-at="2025-05-27T18:47:03Z" duration-ms="32098" status="PASS">
          <params>
            <param index="0">
              <value>
                <![CDATA[Test Case 4]]>
              </value>
            </param>
            <param index="1">
              <value>
                <![CDATA[Positive]]>
              </value>
            </param>
            <param index="2">
              <value>
                <![CDATA[Adding new traveler 4]]>
              </value>
            </param>
            <param index="3">
              <value>
                <![CDATA[saudia]]>
              </value>
            </param>
            <param index="4">
              <value>
                <![CDATA[dev.saudia.quadlabs.net]]>
              </value>
            </param>
            <param index="5">
              <value>
                <![CDATA[Bal Krishna Sharma]]>
              </value>
            </param>
            <param index="6">
              <value>
                <![CDATA[Administrator]]>
              </value>
            </param>
            <param index="7">
              <value>
                <![CDATA[puneet.malik@quadlabs.com]]>
              </value>
            </param>
            <param index="8">
              <value>
                <![CDATA[Qlindia@1234]]>
              </value>
            </param>
            <param index="9">
              <value>
                <![CDATA[Mr]]>
              </value>
            </param>
            <param index="10">
              <value>
                <![CDATA[20-AUG-1991]]>
              </value>
            </param>
            <param index="11">
              <value>
                <![CDATA[James]]>
              </value>
            </param>
            <param index="12">
              <value>
                <![CDATA[Wright]]>
              </value>
            </param>
            <param index="13">
              <value>
                <![CDATA[QA_]]>
              </value>
            </param>
            <param index="14">
              <value>
                <![CDATA[j.wright@yopmail.com]]>
              </value>
            </param>
            <param index="15">
              <value>
                <![CDATA[TEST CORP]]>
              </value>
            </param>
            <param index="16">
              <value>
                <![CDATA[Administrator]]>
              </value>
            </param>
            <param index="17">
              <value>
                <![CDATA[j.wright@yopmail.com]]>
              </value>
            </param>
            <param index="18">
              <value>
                <![CDATA[9876500004]]>
              </value>
            </param>
          </params>
          <reporter-output>
          </reporter-output>
        </test-method> <!-- flightBooking -->
        <test-method signature="flightBooking(java.lang.String, java.lang.String, java.lang.String, java.lang.String, java.lang.String, java.lang.String, java.lang.String, java.lang.String, java.lang.String, java.lang.String, java.lang.String, java.lang.String, java.lang.String, java.lang.String, java.lang.String, java.lang.String, java.lang.String, java.lang.String, java.lang.String)[pri:0, instance:addTraveler.AddTraveler@4671115f]" started-at="2025-05-27T18:47:03Z" name="flightBooking" data-provider="getexceldata" finished-at="2025-05-27T18:47:35Z" duration-ms="31616" status="PASS">
          <params>
            <param index="0">
              <value>
                <![CDATA[Test Case 5]]>
              </value>
            </param>
            <param index="1">
              <value>
                <![CDATA[Positive]]>
              </value>
            </param>
            <param index="2">
              <value>
                <![CDATA[Adding new traveler 5]]>
              </value>
            </param>
            <param index="3">
              <value>
                <![CDATA[saudia]]>
              </value>
            </param>
            <param index="4">
              <value>
                <![CDATA[dev.saudia.quadlabs.net]]>
              </value>
            </param>
            <param index="5">
              <value>
                <![CDATA[Bal Krishna Sharma]]>
              </value>
            </param>
            <param index="6">
              <value>
                <![CDATA[Administrator]]>
              </value>
            </param>
            <param index="7">
              <value>
                <![CDATA[puneet.malik@quadlabs.com]]>
              </value>
            </param>
            <param index="8">
              <value>
                <![CDATA[Qlindia@1234]]>
              </value>
            </param>
            <param index="9">
              <value>
                <![CDATA[Mr]]>
              </value>
            </param>
            <param index="10">
              <value>
                <![CDATA[20-AUG-1991]]>
              </value>
            </param>
            <param index="11">
              <value>
                <![CDATA[Freddie]]>
              </value>
            </param>
            <param index="12">
              <value>
                <![CDATA[Gibson]]>
              </value>
            </param>
            <param index="13">
              <value>
                <![CDATA[QA_]]>
              </value>
            </param>
            <param index="14">
              <value>
                <![CDATA[f.gibson@yopmail.com]]>
              </value>
            </param>
            <param index="15">
              <value>
                <![CDATA[TEST CORP]]>
              </value>
            </param>
            <param index="16">
              <value>
                <![CDATA[Administrator]]>
              </value>
            </param>
            <param index="17">
              <value>
                <![CDATA[f.gibson@yopmail.com]]>
              </value>
            </param>
            <param index="18">
              <value>
                <![CDATA[9876500005]]>
              </value>
            </param>
          </params>
          <reporter-output>
          </reporter-output>
        </test-method> <!-- flightBooking -->
        <test-method signature="flightBooking(java.lang.String, java.lang.String, java.lang.String, java.lang.String, java.lang.String, java.lang.String, java.lang.String, java.lang.String, java.lang.String, java.lang.String, java.lang.String, java.lang.String, java.lang.String, java.lang.String, java.lang.String, java.lang.String, java.lang.String, java.lang.String, java.lang.String)[pri:0, instance:addTraveler.AddTraveler@4671115f]" started-at="2025-05-27T18:47:35Z" name="flightBooking" data-provider="getexceldata" finished-at="2025-05-27T18:48:10Z" duration-ms="34757" status="PASS">
          <params>
            <param index="0">
              <value>
                <![CDATA[Test Case 6]]>
              </value>
            </param>
            <param index="1">
              <value>
                <![CDATA[Positive]]>
              </value>
            </param>
            <param index="2">
              <value>
                <![CDATA[Adding new traveler 6]]>
              </value>
            </param>
            <param index="3">
              <value>
                <![CDATA[saudia]]>
              </value>
            </param>
            <param index="4">
              <value>
                <![CDATA[dev.saudia.quadlabs.net]]>
              </value>
            </param>
            <param index="5">
              <value>
                <![CDATA[Bal Krishna Sharma]]>
              </value>
            </param>
            <param index="6">
              <value>
                <![CDATA[Administrator]]>
              </value>
            </param>
            <param index="7">
              <value>
                <![CDATA[puneet.malik@quadlabs.com]]>
              </value>
            </param>
            <param index="8">
              <value>
                <![CDATA[Qlindia@1234]]>
              </value>
            </param>
            <param index="9">
              <value>
                <![CDATA[Mr]]>
              </value>
            </param>
            <param index="10">
              <value>
                <![CDATA[20-AUG-1991]]>
              </value>
            </param>
            <param index="11">
              <value>
                <![CDATA[Julia]]>
              </value>
            </param>
            <param index="12">
              <value>
                <![CDATA[Gray]]>
              </value>
            </param>
            <param index="13">
              <value>
                <![CDATA[QA_]]>
              </value>
            </param>
            <param index="14">
              <value>
                <![CDATA[j.gray@yopmail.com]]>
              </value>
            </param>
            <param index="15">
              <value>
                <![CDATA[TEST CORP]]>
              </value>
            </param>
            <param index="16">
              <value>
                <![CDATA[Administrator]]>
              </value>
            </param>
            <param index="17">
              <value>
                <![CDATA[j.gray@yopmail.com]]>
              </value>
            </param>
            <param index="18">
              <value>
                <![CDATA[9876500006]]>
              </value>
            </param>
          </params>
          <reporter-output>
          </reporter-output>
        </test-method> <!-- flightBooking -->
        <test-method signature="flightBooking(java.lang.String, java.lang.String, java.lang.String, java.lang.String, java.lang.String, java.lang.String, java.lang.String, java.lang.String, java.lang.String, java.lang.String, java.lang.String, java.lang.String, java.lang.String, java.lang.String, java.lang.String, java.lang.String, java.lang.String, java.lang.String, java.lang.String)[pri:0, instance:addTraveler.AddTraveler@4671115f]" started-at="2025-05-27T18:48:10Z" name="flightBooking" data-provider="getexceldata" finished-at="2025-05-27T18:48:43Z" duration-ms="32284" status="PASS">
          <params>
            <param index="0">
              <value>
                <![CDATA[Test Case 7]]>
              </value>
            </param>
            <param index="1">
              <value>
                <![CDATA[Positive]]>
              </value>
            </param>
            <param index="2">
              <value>
                <![CDATA[Adding new traveler 7]]>
              </value>
            </param>
            <param index="3">
              <value>
                <![CDATA[saudia]]>
              </value>
            </param>
            <param index="4">
              <value>
                <![CDATA[dev.saudia.quadlabs.net]]>
              </value>
            </param>
            <param index="5">
              <value>
                <![CDATA[Bal Krishna Sharma]]>
              </value>
            </param>
            <param index="6">
              <value>
                <![CDATA[Administrator]]>
              </value>
            </param>
            <param index="7">
              <value>
                <![CDATA[puneet.malik@quadlabs.com]]>
              </value>
            </param>
            <param index="8">
              <value>
                <![CDATA[Qlindia@1234]]>
              </value>
            </param>
            <param index="9">
              <value>
                <![CDATA[Mr]]>
              </value>
            </param>
            <param index="10">
              <value>
                <![CDATA[20-AUG-1991]]>
              </value>
            </param>
            <param index="11">
              <value>
                <![CDATA[Kate]]>
              </value>
            </param>
            <param index="12">
              <value>
                <![CDATA[Martin]]>
              </value>
            </param>
            <param index="13">
              <value>
                <![CDATA[QA_]]>
              </value>
            </param>
            <param index="14">
              <value>
                <![CDATA[k.martin@yopmail.com]]>
              </value>
            </param>
            <param index="15">
              <value>
                <![CDATA[TEST CORP]]>
              </value>
            </param>
            <param index="16">
              <value>
                <![CDATA[Administrator]]>
              </value>
            </param>
            <param index="17">
              <value>
                <![CDATA[k.martin@yopmail.com]]>
              </value>
            </param>
            <param index="18">
              <value>
                <![CDATA[9876500007]]>
              </value>
            </param>
          </params>
          <reporter-output>
          </reporter-output>
        </test-method> <!-- flightBooking -->
        <test-method signature="flightBooking(java.lang.String, java.lang.String, java.lang.String, java.lang.String, java.lang.String, java.lang.String, java.lang.String, java.lang.String, java.lang.String, java.lang.String, java.lang.String, java.lang.String, java.lang.String, java.lang.String, java.lang.String, java.lang.String, java.lang.String, java.lang.String, java.lang.String)[pri:0, instance:addTraveler.AddTraveler@4671115f]" started-at="2025-05-27T18:48:43Z" name="flightBooking" data-provider="getexceldata" finished-at="2025-05-27T18:49:15Z" duration-ms="32397" status="PASS">
          <params>
            <param index="0">
              <value>
                <![CDATA[Test Case 8]]>
              </value>
            </param>
            <param index="1">
              <value>
                <![CDATA[Positive]]>
              </value>
            </param>
            <param index="2">
              <value>
                <![CDATA[Adding new traveler 8]]>
              </value>
            </param>
            <param index="3">
              <value>
                <![CDATA[saudia]]>
              </value>
            </param>
            <param index="4">
              <value>
                <![CDATA[dev.saudia.quadlabs.net]]>
              </value>
            </param>
            <param index="5">
              <value>
                <![CDATA[Bal Krishna Sharma]]>
              </value>
            </param>
            <param index="6">
              <value>
                <![CDATA[Administrator]]>
              </value>
            </param>
            <param index="7">
              <value>
                <![CDATA[puneet.malik@quadlabs.com]]>
              </value>
            </param>
            <param index="8">
              <value>
                <![CDATA[Qlindia@1234]]>
              </value>
            </param>
            <param index="9">
              <value>
                <![CDATA[Mr]]>
              </value>
            </param>
            <param index="10">
              <value>
                <![CDATA[20-AUG-1991]]>
              </value>
            </param>
            <param index="11">
              <value>
                <![CDATA[Aiden]]>
              </value>
            </param>
            <param index="12">
              <value>
                <![CDATA[Ellis]]>
              </value>
            </param>
            <param index="13">
              <value>
                <![CDATA[QA_]]>
              </value>
            </param>
            <param index="14">
              <value>
                <![CDATA[a.ellis@yopmail.com]]>
              </value>
            </param>
            <param index="15">
              <value>
                <![CDATA[TEST CORP]]>
              </value>
            </param>
            <param index="16">
              <value>
                <![CDATA[Administrator]]>
              </value>
            </param>
            <param index="17">
              <value>
                <![CDATA[a.ellis@yopmail.com]]>
              </value>
            </param>
            <param index="18">
              <value>
                <![CDATA[9876500008]]>
              </value>
            </param>
          </params>
          <reporter-output>
          </reporter-output>
        </test-method> <!-- flightBooking -->
        <test-method signature="flightBooking(java.lang.String, java.lang.String, java.lang.String, java.lang.String, java.lang.String, java.lang.String, java.lang.String, java.lang.String, java.lang.String, java.lang.String, java.lang.String, java.lang.String, java.lang.String, java.lang.String, java.lang.String, java.lang.String, java.lang.String, java.lang.String, java.lang.String)[pri:0, instance:addTraveler.AddTraveler@4671115f]" started-at="2025-05-27T18:49:16Z" name="flightBooking" data-provider="getexceldata" finished-at="2025-05-27T18:49:48Z" duration-ms="32515" status="PASS">
          <params>
            <param index="0">
              <value>
                <![CDATA[Test Case 9]]>
              </value>
            </param>
            <param index="1">
              <value>
                <![CDATA[Positive]]>
              </value>
            </param>
            <param index="2">
              <value>
                <![CDATA[Adding new traveler 9]]>
              </value>
            </param>
            <param index="3">
              <value>
                <![CDATA[saudia]]>
              </value>
            </param>
            <param index="4">
              <value>
                <![CDATA[dev.saudia.quadlabs.net]]>
              </value>
            </param>
            <param index="5">
              <value>
                <![CDATA[Bal Krishna Sharma]]>
              </value>
            </param>
            <param index="6">
              <value>
                <![CDATA[Administrator]]>
              </value>
            </param>
            <param index="7">
              <value>
                <![CDATA[puneet.malik@quadlabs.com]]>
              </value>
            </param>
            <param index="8">
              <value>
                <![CDATA[Qlindia@1234]]>
              </value>
            </param>
            <param index="9">
              <value>
                <![CDATA[Mr]]>
              </value>
            </param>
            <param index="10">
              <value>
                <![CDATA[20-AUG-1991]]>
              </value>
            </param>
            <param index="11">
              <value>
                <![CDATA[Madaline]]>
              </value>
            </param>
            <param index="12">
              <value>
                <![CDATA[Anderson]]>
              </value>
            </param>
            <param index="13">
              <value>
                <![CDATA[QA_]]>
              </value>
            </param>
            <param index="14">
              <value>
                <![CDATA[m.anderson@yopmail.com]]>
              </value>
            </param>
            <param index="15">
              <value>
                <![CDATA[TEST CORP]]>
              </value>
            </param>
            <param index="16">
              <value>
                <![CDATA[Administrator]]>
              </value>
            </param>
            <param index="17">
              <value>
                <![CDATA[m.anderson@yopmail.com]]>
              </value>
            </param>
            <param index="18">
              <value>
                <![CDATA[9876500009]]>
              </value>
            </param>
          </params>
          <reporter-output>
          </reporter-output>
        </test-method> <!-- flightBooking -->
        <test-method signature="flightBooking(java.lang.String, java.lang.String, java.lang.String, java.lang.String, java.lang.String, java.lang.String, java.lang.String, java.lang.String, java.lang.String, java.lang.String, java.lang.String, java.lang.String, java.lang.String, java.lang.String, java.lang.String, java.lang.String, java.lang.String, java.lang.String, java.lang.String)[pri:0, instance:addTraveler.AddTraveler@4671115f]" started-at="2025-05-27T18:49:49Z" name="flightBooking" data-provider="getexceldata" finished-at="2025-05-27T18:50:21Z" duration-ms="32722" status="PASS">
          <params>
            <param index="0">
              <value>
                <![CDATA[Test Case 10]]>
              </value>
            </param>
            <param index="1">
              <value>
                <![CDATA[Positive]]>
              </value>
            </param>
            <param index="2">
              <value>
                <![CDATA[Adding new traveler 10]]>
              </value>
            </param>
            <param index="3">
              <value>
                <![CDATA[saudia]]>
              </value>
            </param>
            <param index="4">
              <value>
                <![CDATA[dev.saudia.quadlabs.net]]>
              </value>
            </param>
            <param index="5">
              <value>
                <![CDATA[Bal Krishna Sharma]]>
              </value>
            </param>
            <param index="6">
              <value>
                <![CDATA[Administrator]]>
              </value>
            </param>
            <param index="7">
              <value>
                <![CDATA[puneet.malik@quadlabs.com]]>
              </value>
            </param>
            <param index="8">
              <value>
                <![CDATA[Qlindia@1234]]>
              </value>
            </param>
            <param index="9">
              <value>
                <![CDATA[Mr]]>
              </value>
            </param>
            <param index="10">
              <value>
                <![CDATA[20-AUG-1991]]>
              </value>
            </param>
            <param index="11">
              <value>
                <![CDATA[Charlie]]>
              </value>
            </param>
            <param index="12">
              <value>
                <![CDATA[Chapman]]>
              </value>
            </param>
            <param index="13">
              <value>
                <![CDATA[QA_]]>
              </value>
            </param>
            <param index="14">
              <value>
                <![CDATA[c.chapman@yopmail.com]]>
              </value>
            </param>
            <param index="15">
              <value>
                <![CDATA[TEST CORP]]>
              </value>
            </param>
            <param index="16">
              <value>
                <![CDATA[Administrator]]>
              </value>
            </param>
            <param index="17">
              <value>
                <![CDATA[c.chapman@yopmail.com]]>
              </value>
            </param>
            <param index="18">
              <value>
                <![CDATA[9876500010]]>
              </value>
            </param>
          </params>
          <reporter-output>
          </reporter-output>
        </test-method> <!-- flightBooking -->
        <test-method signature="flightBooking(java.lang.String, java.lang.String, java.lang.String, java.lang.String, java.lang.String, java.lang.String, java.lang.String, java.lang.String, java.lang.String, java.lang.String, java.lang.String, java.lang.String, java.lang.String, java.lang.String, java.lang.String, java.lang.String, java.lang.String, java.lang.String, java.lang.String)[pri:0, instance:addTraveler.AddTraveler@4671115f]" started-at="2025-05-27T18:50:22Z" name="flightBooking" data-provider="getexceldata" finished-at="2025-05-27T18:50:55Z" duration-ms="32905" status="PASS">
          <params>
            <param index="0">
              <value>
                <![CDATA[Test Case 11]]>
              </value>
            </param>
            <param index="1">
              <value>
                <![CDATA[Positive]]>
              </value>
            </param>
            <param index="2">
              <value>
                <![CDATA[Adding new traveler 11]]>
              </value>
            </param>
            <param index="3">
              <value>
                <![CDATA[saudia]]>
              </value>
            </param>
            <param index="4">
              <value>
                <![CDATA[dev.saudia.quadlabs.net]]>
              </value>
            </param>
            <param index="5">
              <value>
                <![CDATA[Bal Krishna Sharma]]>
              </value>
            </param>
            <param index="6">
              <value>
                <![CDATA[Administrator]]>
              </value>
            </param>
            <param index="7">
              <value>
                <![CDATA[puneet.malik@quadlabs.com]]>
              </value>
            </param>
            <param index="8">
              <value>
                <![CDATA[Qlindia@1234]]>
              </value>
            </param>
            <param index="9">
              <value>
                <![CDATA[Mr]]>
              </value>
            </param>
            <param index="10">
              <value>
                <![CDATA[20-AUG-1991]]>
              </value>
            </param>
            <param index="11">
              <value>
                <![CDATA[Adam]]>
              </value>
            </param>
            <param index="12">
              <value>
                <![CDATA[Richardson]]>
              </value>
            </param>
            <param index="13">
              <value>
                <![CDATA[QA_]]>
              </value>
            </param>
            <param index="14">
              <value>
                <![CDATA[a.richardson@yopmail.com]]>
              </value>
            </param>
            <param index="15">
              <value>
                <![CDATA[TEST CORP]]>
              </value>
            </param>
            <param index="16">
              <value>
                <![CDATA[Administrator]]>
              </value>
            </param>
            <param index="17">
              <value>
                <![CDATA[a.richardson@yopmail.com]]>
              </value>
            </param>
            <param index="18">
              <value>
                <![CDATA[9876500011]]>
              </value>
            </param>
          </params>
          <reporter-output>
          </reporter-output>
        </test-method> <!-- flightBooking -->
        <test-method signature="flightBooking(java.lang.String, java.lang.String, java.lang.String, java.lang.String, java.lang.String, java.lang.String, java.lang.String, java.lang.String, java.lang.String, java.lang.String, java.lang.String, java.lang.String, java.lang.String, java.lang.String, java.lang.String, java.lang.String, java.lang.String, java.lang.String, java.lang.String)[pri:0, instance:addTraveler.AddTraveler@4671115f]" started-at="2025-05-27T18:50:55Z" name="flightBooking" data-provider="getexceldata" finished-at="2025-05-27T18:52:26Z" duration-ms="90952" status="FAIL">
          <params>
            <param index="0">
              <value>
                <![CDATA[Test Case 12]]>
              </value>
            </param>
            <param index="1">
              <value>
                <![CDATA[Positive]]>
              </value>
            </param>
            <param index="2">
              <value>
                <![CDATA[Adding new traveler 12]]>
              </value>
            </param>
            <param index="3">
              <value>
                <![CDATA[saudia]]>
              </value>
            </param>
            <param index="4">
              <value>
                <![CDATA[dev.saudia.quadlabs.net]]>
              </value>
            </param>
            <param index="5">
              <value>
                <![CDATA[Bal Krishna Sharma]]>
              </value>
            </param>
            <param index="6">
              <value>
                <![CDATA[Administrator]]>
              </value>
            </param>
            <param index="7">
              <value>
                <![CDATA[puneet.malik@quadlabs.com]]>
              </value>
            </param>
            <param index="8">
              <value>
                <![CDATA[Qlindia@1234]]>
              </value>
            </param>
            <param index="9">
              <value>
                <![CDATA[Mr]]>
              </value>
            </param>
            <param index="10">
              <value>
                <![CDATA[20-AUG-1991]]>
              </value>
            </param>
            <param index="11">
              <value>
                <![CDATA[Amanda]]>
              </value>
            </param>
            <param index="12">
              <value>
                <![CDATA[Walker]]>
              </value>
            </param>
            <param index="13">
              <value>
                <![CDATA[QA_]]>
              </value>
            </param>
            <param index="14">
              <value>
                <![CDATA[a.walker@yopmail.com]]>
              </value>
            </param>
            <param index="15">
              <value>
                <![CDATA[TEST CORP]]>
              </value>
            </param>
            <param index="16">
              <value>
                <![CDATA[Administrator]]>
              </value>
            </param>
            <param index="17">
              <value>
                <![CDATA[a.walker@yopmail.com]]>
              </value>
            </param>
            <param index="18">
              <value>
                <![CDATA[9876500012]]>
              </value>
            </param>
          </params>
          <exception class="org.openqa.selenium.ElementClickInterceptedException">
            <message>
              <![CDATA[element click intercepted: Element <input type="radio" class="mdc-radio__native-control" id="mat-radio-9-input" name="mat-radio-group-7" value="0" tabindex="0"> is not clickable at point (829, 863). Other element would receive the click: <mat-option _ngcontent-ng-c2276140086="" role="option" class="mat-mdc-option mdc-list-item mat-mdc-option-active ng-tns-c3393473648-58 ng-star-inserted" id="mat-option-9" aria-selected="false" aria-disabled="false" style="">...</mat-option>
  (Session info: chrome=136.0.7103.114)
Build info: version: '4.1.4', revision: '535d840ee2'
System info: host: 'QLINGGNQADT0033', ip: '192.168.111.116', os.name: 'Windows 10', os.arch: 'amd64', os.version: '10.0', java.version: '17.0.1'
Driver info: org.openqa.selenium.chrome.ChromeDriver
Command: [a20cfb4097cf82051896d350acf3a6eb, clickElement {id=f.E11761BA69FA3BD75D380A5A53C207F8.d.1C6DDCEFFEA5506CC5C400BFBB6E4AA7.e.158}]
Capabilities {acceptInsecureCerts: false, browserName: chrome, browserVersion: 136.0.7103.114, chrome: {chromedriverVersion: 136.0.7103.92 (cb81a4cc5087..., userDataDir: C:\Users\BALKRI~1.SHA\AppDa...}, fedcm:accounts: true, goog:chromeOptions: {debuggerAddress: localhost:53288}, javascriptEnabled: true, networkConnectionEnabled: false, pageLoadStrategy: normal, platform: WINDOWS, platformName: WINDOWS, proxy: Proxy(), se:cdp: ws://localhost:53288/devtoo..., se:cdpVersion: 136.0.7103.114, setWindowRect: true, strictFileInteractability: false, timeouts: {implicit: 0, pageLoad: 300000, script: 30000}, unhandledPromptBehavior: dismiss and notify, webauthn:extension:credBlob: true, webauthn:extension:largeBlob: true, webauthn:extension:minPinLength: true, webauthn:extension:prf: true, webauthn:virtualAuthenticators: true}
Element: [[ChromeDriver: chrome on WINDOWS (a20cfb4097cf82051896d350acf3a6eb)] -> xpath: //input[contains(@id,'mat-radio-') and @value='0']]
Session ID: a20cfb4097cf82051896d350acf3a6eb]]>
            </message>
            <full-stacktrace>
              <![CDATA[org.openqa.selenium.ElementClickInterceptedException: element click intercepted: Element <input type="radio" class="mdc-radio__native-control" id="mat-radio-9-input" name="mat-radio-group-7" value="0" tabindex="0"> is not clickable at point (829, 863). Other element would receive the click: <mat-option _ngcontent-ng-c2276140086="" role="option" class="mat-mdc-option mdc-list-item mat-mdc-option-active ng-tns-c3393473648-58 ng-star-inserted" id="mat-option-9" aria-selected="false" aria-disabled="false" style="">...</mat-option>
  (Session info: chrome=136.0.7103.114)
Build info: version: '4.1.4', revision: '535d840ee2'
System info: host: 'QLINGGNQADT0033', ip: '192.168.111.116', os.name: 'Windows 10', os.arch: 'amd64', os.version: '10.0', java.version: '17.0.1'
Driver info: org.openqa.selenium.chrome.ChromeDriver
Command: [a20cfb4097cf82051896d350acf3a6eb, clickElement {id=f.E11761BA69FA3BD75D380A5A53C207F8.d.1C6DDCEFFEA5506CC5C400BFBB6E4AA7.e.158}]
Capabilities {acceptInsecureCerts: false, browserName: chrome, browserVersion: 136.0.7103.114, chrome: {chromedriverVersion: 136.0.7103.92 (cb81a4cc5087..., userDataDir: C:\Users\BALKRI~1.SHA\AppDa...}, fedcm:accounts: true, goog:chromeOptions: {debuggerAddress: localhost:53288}, javascriptEnabled: true, networkConnectionEnabled: false, pageLoadStrategy: normal, platform: WINDOWS, platformName: WINDOWS, proxy: Proxy(), se:cdp: ws://localhost:53288/devtoo..., se:cdpVersion: 136.0.7103.114, setWindowRect: true, strictFileInteractability: false, timeouts: {implicit: 0, pageLoad: 300000, script: 30000}, unhandledPromptBehavior: dismiss and notify, webauthn:extension:credBlob: true, webauthn:extension:largeBlob: true, webauthn:extension:minPinLength: true, webauthn:extension:prf: true, webauthn:virtualAuthenticators: true}
Element: [[ChromeDriver: chrome on WINDOWS (a20cfb4097cf82051896d350acf3a6eb)] -> xpath: //input[contains(@id,'mat-radio-') and @value='0']]
Session ID: a20cfb4097cf82051896d350acf3a6eb
	at java.base/jdk.internal.reflect.NativeConstructorAccessorImpl.newInstance0(Native Method)
	at java.base/jdk.internal.reflect.NativeConstructorAccessorImpl.newInstance(NativeConstructorAccessorImpl.java:77)
	at java.base/jdk.internal.reflect.DelegatingConstructorAccessorImpl.newInstance(DelegatingConstructorAccessorImpl.java:45)
	at java.base/java.lang.reflect.Constructor.newInstanceWithCaller(Constructor.java:499)
	at java.base/java.lang.reflect.Constructor.newInstance(Constructor.java:480)
	at org.openqa.selenium.remote.codec.w3c.W3CHttpResponseCodec.createException(W3CHttpResponseCodec.java:200)
	at org.openqa.selenium.remote.codec.w3c.W3CHttpResponseCodec.decode(W3CHttpResponseCodec.java:133)
	at org.openqa.selenium.remote.codec.w3c.W3CHttpResponseCodec.decode(W3CHttpResponseCodec.java:53)
	at org.openqa.selenium.remote.HttpCommandExecutor.execute(HttpCommandExecutor.java:184)
	at org.openqa.selenium.remote.service.DriverCommandExecutor.invokeExecute(DriverCommandExecutor.java:167)
	at org.openqa.selenium.remote.service.DriverCommandExecutor.execute(DriverCommandExecutor.java:142)
	at org.openqa.selenium.remote.RemoteWebDriver.execute(RemoteWebDriver.java:567)
	at org.openqa.selenium.remote.RemoteWebElement.execute(RemoteWebElement.java:251)
	at org.openqa.selenium.remote.RemoteWebElement.click(RemoteWebElement.java:77)
	at addTraveler.AddTraveler.flightBooking(AddTraveler.java:121)
	at java.base/jdk.internal.reflect.NativeMethodAccessorImpl.invoke0(Native Method)
	at java.base/jdk.internal.reflect.NativeMethodAccessorImpl.invoke(NativeMethodAccessorImpl.java:77)
	at java.base/jdk.internal.reflect.DelegatingMethodAccessorImpl.invoke(DelegatingMethodAccessorImpl.java:43)
	at java.base/java.lang.reflect.Method.invoke(Method.java:568)
	at org.testng.internal.MethodInvocationHelper.invokeMethod(MethodInvocationHelper.java:104)
	at org.testng.internal.Invoker.invokeMethod(Invoker.java:645)
	at org.testng.internal.Invoker.invokeTestMethod(Invoker.java:851)
	at org.testng.internal.Invoker.invokeTestMethods(Invoker.java:1177)
	at org.testng.internal.TestMethodWorker.invokeTestMethods(TestMethodWorker.java:129)
	at org.testng.internal.TestMethodWorker.run(TestMethodWorker.java:112)
	at org.testng.TestRunner.privateRun(TestRunner.java:756)
	at org.testng.TestRunner.run(TestRunner.java:610)
	at org.testng.SuiteRunner.runTest(SuiteRunner.java:387)
	at org.testng.SuiteRunner.runSequentially(SuiteRunner.java:382)
	at org.testng.SuiteRunner.privateRun(SuiteRunner.java:340)
	at org.testng.SuiteRunner.run(SuiteRunner.java:289)
	at org.testng.SuiteRunnerWorker.runSuite(SuiteRunnerWorker.java:52)
	at org.testng.SuiteRunnerWorker.run(SuiteRunnerWorker.java:86)
	at org.testng.TestNG.runSuitesSequentially(TestNG.java:1293)
	at org.testng.TestNG.runSuitesLocally(TestNG.java:1218)
	at org.testng.TestNG.runSuites(TestNG.java:1133)
	at org.testng.TestNG.run(TestNG.java:1104)
	at org.testng.remote.AbstractRemoteTestNG.run(AbstractRemoteTestNG.java:115)
	at org.testng.remote.RemoteTestNG.initAndRun(RemoteTestNG.java:251)
	at org.testng.remote.RemoteTestNG.main(RemoteTestNG.java:77)
]]>
            </full-stacktrace>
          </exception> <!-- org.openqa.selenium.ElementClickInterceptedException -->
          <reporter-output>
          </reporter-output>
        </test-method> <!-- flightBooking -->
        <test-method signature="flightBooking(java.lang.String, java.lang.String, java.lang.String, java.lang.String, java.lang.String, java.lang.String, java.lang.String, java.lang.String, java.lang.String, java.lang.String, java.lang.String, java.lang.String, java.lang.String, java.lang.String, java.lang.String, java.lang.String, java.lang.String, java.lang.String, java.lang.String)[pri:0, instance:addTraveler.AddTraveler@4671115f]" started-at="2025-05-27T18:52:26Z" name="flightBooking" data-provider="getexceldata" finished-at="2025-05-27T18:52:58Z" duration-ms="31892" status="PASS">
          <params>
            <param index="0">
              <value>
                <![CDATA[Test Case 13]]>
              </value>
            </param>
            <param index="1">
              <value>
                <![CDATA[Positive]]>
              </value>
            </param>
            <param index="2">
              <value>
                <![CDATA[Adding new traveler 13]]>
              </value>
            </param>
            <param index="3">
              <value>
                <![CDATA[saudia]]>
              </value>
            </param>
            <param index="4">
              <value>
                <![CDATA[dev.saudia.quadlabs.net]]>
              </value>
            </param>
            <param index="5">
              <value>
                <![CDATA[Bal Krishna Sharma]]>
              </value>
            </param>
            <param index="6">
              <value>
                <![CDATA[Administrator]]>
              </value>
            </param>
            <param index="7">
              <value>
                <![CDATA[puneet.malik@quadlabs.com]]>
              </value>
            </param>
            <param index="8">
              <value>
                <![CDATA[Qlindia@1234]]>
              </value>
            </param>
            <param index="9">
              <value>
                <![CDATA[Mr]]>
              </value>
            </param>
            <param index="10">
              <value>
                <![CDATA[20-AUG-1991]]>
              </value>
            </param>
            <param index="11">
              <value>
                <![CDATA[Abraham]]>
              </value>
            </param>
            <param index="12">
              <value>
                <![CDATA[Roberts]]>
              </value>
            </param>
            <param index="13">
              <value>
                <![CDATA[QA_]]>
              </value>
            </param>
            <param index="14">
              <value>
                <![CDATA[a.roberts@yopmail.com]]>
              </value>
            </param>
            <param index="15">
              <value>
                <![CDATA[TEST CORP]]>
              </value>
            </param>
            <param index="16">
              <value>
                <![CDATA[Administrator]]>
              </value>
            </param>
            <param index="17">
              <value>
                <![CDATA[a.roberts@yopmail.com]]>
              </value>
            </param>
            <param index="18">
              <value>
                <![CDATA[9876500013]]>
              </value>
            </param>
          </params>
          <reporter-output>
          </reporter-output>
        </test-method> <!-- flightBooking -->
        <test-method signature="flightBooking(java.lang.String, java.lang.String, java.lang.String, java.lang.String, java.lang.String, java.lang.String, java.lang.String, java.lang.String, java.lang.String, java.lang.String, java.lang.String, java.lang.String, java.lang.String, java.lang.String, java.lang.String, java.lang.String, java.lang.String, java.lang.String, java.lang.String)[pri:0, instance:addTraveler.AddTraveler@4671115f]" started-at="2025-05-27T18:52:58Z" name="flightBooking" data-provider="getexceldata" finished-at="2025-05-27T18:53:31Z" duration-ms="32817" status="PASS">
          <params>
            <param index="0">
              <value>
                <![CDATA[Test Case 14]]>
              </value>
            </param>
            <param index="1">
              <value>
                <![CDATA[Positive]]>
              </value>
            </param>
            <param index="2">
              <value>
                <![CDATA[Adding new traveler 14]]>
              </value>
            </param>
            <param index="3">
              <value>
                <![CDATA[saudia]]>
              </value>
            </param>
            <param index="4">
              <value>
                <![CDATA[dev.saudia.quadlabs.net]]>
              </value>
            </param>
            <param index="5">
              <value>
                <![CDATA[Bal Krishna Sharma]]>
              </value>
            </param>
            <param index="6">
              <value>
                <![CDATA[Administrator]]>
              </value>
            </param>
            <param index="7">
              <value>
                <![CDATA[puneet.malik@quadlabs.com]]>
              </value>
            </param>
            <param index="8">
              <value>
                <![CDATA[Qlindia@1234]]>
              </value>
            </param>
            <param index="9">
              <value>
                <![CDATA[Mr]]>
              </value>
            </param>
            <param index="10">
              <value>
                <![CDATA[20-AUG-1991]]>
              </value>
            </param>
            <param index="11">
              <value>
                <![CDATA[Savana]]>
              </value>
            </param>
            <param index="12">
              <value>
                <![CDATA[Hamilton]]>
              </value>
            </param>
            <param index="13">
              <value>
                <![CDATA[QA_]]>
              </value>
            </param>
            <param index="14">
              <value>
                <![CDATA[s.hamilton@yopmail.com]]>
              </value>
            </param>
            <param index="15">
              <value>
                <![CDATA[TEST CORP]]>
              </value>
            </param>
            <param index="16">
              <value>
                <![CDATA[Administrator]]>
              </value>
            </param>
            <param index="17">
              <value>
                <![CDATA[s.hamilton@yopmail.com]]>
              </value>
            </param>
            <param index="18">
              <value>
                <![CDATA[9876500014]]>
              </value>
            </param>
          </params>
          <reporter-output>
          </reporter-output>
        </test-method> <!-- flightBooking -->
        <test-method signature="flightBooking(java.lang.String, java.lang.String, java.lang.String, java.lang.String, java.lang.String, java.lang.String, java.lang.String, java.lang.String, java.lang.String, java.lang.String, java.lang.String, java.lang.String, java.lang.String, java.lang.String, java.lang.String, java.lang.String, java.lang.String, java.lang.String, java.lang.String)[pri:0, instance:addTraveler.AddTraveler@4671115f]" started-at="2025-05-27T18:53:32Z" name="flightBooking" data-provider="getexceldata" finished-at="2025-05-27T18:54:04Z" duration-ms="32387" status="PASS">
          <params>
            <param index="0">
              <value>
                <![CDATA[Test Case 15]]>
              </value>
            </param>
            <param index="1">
              <value>
                <![CDATA[Positive]]>
              </value>
            </param>
            <param index="2">
              <value>
                <![CDATA[Adding new traveler 15]]>
              </value>
            </param>
            <param index="3">
              <value>
                <![CDATA[saudia]]>
              </value>
            </param>
            <param index="4">
              <value>
                <![CDATA[dev.saudia.quadlabs.net]]>
              </value>
            </param>
            <param index="5">
              <value>
                <![CDATA[Bal Krishna Sharma]]>
              </value>
            </param>
            <param index="6">
              <value>
                <![CDATA[Administrator]]>
              </value>
            </param>
            <param index="7">
              <value>
                <![CDATA[puneet.malik@quadlabs.com]]>
              </value>
            </param>
            <param index="8">
              <value>
                <![CDATA[Qlindia@1234]]>
              </value>
            </param>
            <param index="9">
              <value>
                <![CDATA[Mr]]>
              </value>
            </param>
            <param index="10">
              <value>
                <![CDATA[20-AUG-1991]]>
              </value>
            </param>
            <param index="11">
              <value>
                <![CDATA[David]]>
              </value>
            </param>
            <param index="12">
              <value>
                <![CDATA[Cooper]]>
              </value>
            </param>
            <param index="13">
              <value>
                <![CDATA[QA_]]>
              </value>
            </param>
            <param index="14">
              <value>
                <![CDATA[d.cooper@yopmail.com]]>
              </value>
            </param>
            <param index="15">
              <value>
                <![CDATA[TEST CORP]]>
              </value>
            </param>
            <param index="16">
              <value>
                <![CDATA[Administrator]]>
              </value>
            </param>
            <param index="17">
              <value>
                <![CDATA[d.cooper@yopmail.com]]>
              </value>
            </param>
            <param index="18">
              <value>
                <![CDATA[9876500015]]>
              </value>
            </param>
          </params>
          <reporter-output>
          </reporter-output>
        </test-method> <!-- flightBooking -->
        <test-method signature="flightBooking(java.lang.String, java.lang.String, java.lang.String, java.lang.String, java.lang.String, java.lang.String, java.lang.String, java.lang.String, java.lang.String, java.lang.String, java.lang.String, java.lang.String, java.lang.String, java.lang.String, java.lang.String, java.lang.String, java.lang.String, java.lang.String, java.lang.String)[pri:0, instance:addTraveler.AddTraveler@4671115f]" started-at="2025-05-27T18:54:04Z" name="flightBooking" data-provider="getexceldata" finished-at="2025-05-27T18:54:37Z" duration-ms="32384" status="PASS">
          <params>
            <param index="0">
              <value>
                <![CDATA[Test Case 16]]>
              </value>
            </param>
            <param index="1">
              <value>
                <![CDATA[Positive]]>
              </value>
            </param>
            <param index="2">
              <value>
                <![CDATA[Adding new traveler 16]]>
              </value>
            </param>
            <param index="3">
              <value>
                <![CDATA[saudia]]>
              </value>
            </param>
            <param index="4">
              <value>
                <![CDATA[dev.saudia.quadlabs.net]]>
              </value>
            </param>
            <param index="5">
              <value>
                <![CDATA[Bal Krishna Sharma]]>
              </value>
            </param>
            <param index="6">
              <value>
                <![CDATA[Administrator]]>
              </value>
            </param>
            <param index="7">
              <value>
                <![CDATA[puneet.malik@quadlabs.com]]>
              </value>
            </param>
            <param index="8">
              <value>
                <![CDATA[Qlindia@1234]]>
              </value>
            </param>
            <param index="9">
              <value>
                <![CDATA[Mr]]>
              </value>
            </param>
            <param index="10">
              <value>
                <![CDATA[20-AUG-1991]]>
              </value>
            </param>
            <param index="11">
              <value>
                <![CDATA[Paul]]>
              </value>
            </param>
            <param index="12">
              <value>
                <![CDATA[Campbell]]>
              </value>
            </param>
            <param index="13">
              <value>
                <![CDATA[QA_]]>
              </value>
            </param>
            <param index="14">
              <value>
                <![CDATA[p.campbell@yopmail.com]]>
              </value>
            </param>
            <param index="15">
              <value>
                <![CDATA[TEST CORP]]>
              </value>
            </param>
            <param index="16">
              <value>
                <![CDATA[Administrator]]>
              </value>
            </param>
            <param index="17">
              <value>
                <![CDATA[p.campbell@yopmail.com]]>
              </value>
            </param>
            <param index="18">
              <value>
                <![CDATA[9876500016]]>
              </value>
            </param>
          </params>
          <reporter-output>
          </reporter-output>
        </test-method> <!-- flightBooking -->
        <test-method signature="flightBooking(java.lang.String, java.lang.String, java.lang.String, java.lang.String, java.lang.String, java.lang.String, java.lang.String, java.lang.String, java.lang.String, java.lang.String, java.lang.String, java.lang.String, java.lang.String, java.lang.String, java.lang.String, java.lang.String, java.lang.String, java.lang.String, java.lang.String)[pri:0, instance:addTraveler.AddTraveler@4671115f]" started-at="2025-05-27T18:54:37Z" name="flightBooking" data-provider="getexceldata" finished-at="2025-05-27T18:55:10Z" duration-ms="32734" status="PASS">
          <params>
            <param index="0">
              <value>
                <![CDATA[Test Case 17]]>
              </value>
            </param>
            <param index="1">
              <value>
                <![CDATA[Positive]]>
              </value>
            </param>
            <param index="2">
              <value>
                <![CDATA[Adding new traveler 17]]>
              </value>
            </param>
            <param index="3">
              <value>
                <![CDATA[saudia]]>
              </value>
            </param>
            <param index="4">
              <value>
                <![CDATA[dev.saudia.quadlabs.net]]>
              </value>
            </param>
            <param index="5">
              <value>
                <![CDATA[Bal Krishna Sharma]]>
              </value>
            </param>
            <param index="6">
              <value>
                <![CDATA[Administrator]]>
              </value>
            </param>
            <param index="7">
              <value>
                <![CDATA[puneet.malik@quadlabs.com]]>
              </value>
            </param>
            <param index="8">
              <value>
                <![CDATA[Qlindia@1234]]>
              </value>
            </param>
            <param index="9">
              <value>
                <![CDATA[Mr]]>
              </value>
            </param>
            <param index="10">
              <value>
                <![CDATA[20-AUG-1991]]>
              </value>
            </param>
            <param index="11">
              <value>
                <![CDATA[Elian]]>
              </value>
            </param>
            <param index="12">
              <value>
                <![CDATA[Dixon]]>
              </value>
            </param>
            <param index="13">
              <value>
                <![CDATA[QA_]]>
              </value>
            </param>
            <param index="14">
              <value>
                <![CDATA[e.dixon@yopmail.com]]>
              </value>
            </param>
            <param index="15">
              <value>
                <![CDATA[TEST CORP]]>
              </value>
            </param>
            <param index="16">
              <value>
                <![CDATA[Administrator]]>
              </value>
            </param>
            <param index="17">
              <value>
                <![CDATA[e.dixon@yopmail.com]]>
              </value>
            </param>
            <param index="18">
              <value>
                <![CDATA[9876500017]]>
              </value>
            </param>
          </params>
          <reporter-output>
          </reporter-output>
        </test-method> <!-- flightBooking -->
        <test-method signature="flightBooking(java.lang.String, java.lang.String, java.lang.String, java.lang.String, java.lang.String, java.lang.String, java.lang.String, java.lang.String, java.lang.String, java.lang.String, java.lang.String, java.lang.String, java.lang.String, java.lang.String, java.lang.String, java.lang.String, java.lang.String, java.lang.String, java.lang.String)[pri:0, instance:addTraveler.AddTraveler@4671115f]" started-at="2025-05-27T18:55:10Z" name="flightBooking" data-provider="getexceldata" finished-at="2025-05-27T18:55:43Z" duration-ms="32605" status="PASS">
          <params>
            <param index="0">
              <value>
                <![CDATA[Test Case 18]]>
              </value>
            </param>
            <param index="1">
              <value>
                <![CDATA[Positive]]>
              </value>
            </param>
            <param index="2">
              <value>
                <![CDATA[Adding new traveler 18]]>
              </value>
            </param>
            <param index="3">
              <value>
                <![CDATA[saudia]]>
              </value>
            </param>
            <param index="4">
              <value>
                <![CDATA[dev.saudia.quadlabs.net]]>
              </value>
            </param>
            <param index="5">
              <value>
                <![CDATA[Bal Krishna Sharma]]>
              </value>
            </param>
            <param index="6">
              <value>
                <![CDATA[Administrator]]>
              </value>
            </param>
            <param index="7">
              <value>
                <![CDATA[puneet.malik@quadlabs.com]]>
              </value>
            </param>
            <param index="8">
              <value>
                <![CDATA[Qlindia@1234]]>
              </value>
            </param>
            <param index="9">
              <value>
                <![CDATA[Mr]]>
              </value>
            </param>
            <param index="10">
              <value>
                <![CDATA[20-AUG-1991]]>
              </value>
            </param>
            <param index="11">
              <value>
                <![CDATA[Eleanor]]>
              </value>
            </param>
            <param index="12">
              <value>
                <![CDATA[Foster]]>
              </value>
            </param>
            <param index="13">
              <value>
                <![CDATA[QA_]]>
              </value>
            </param>
            <param index="14">
              <value>
                <![CDATA[e.foster@yopmail.com]]>
              </value>
            </param>
            <param index="15">
              <value>
                <![CDATA[TEST CORP]]>
              </value>
            </param>
            <param index="16">
              <value>
                <![CDATA[Administrator]]>
              </value>
            </param>
            <param index="17">
              <value>
                <![CDATA[e.foster@yopmail.com]]>
              </value>
            </param>
            <param index="18">
              <value>
                <![CDATA[9876500018]]>
              </value>
            </param>
          </params>
          <reporter-output>
          </reporter-output>
        </test-method> <!-- flightBooking -->
        <test-method signature="flightBooking(java.lang.String, java.lang.String, java.lang.String, java.lang.String, java.lang.String, java.lang.String, java.lang.String, java.lang.String, java.lang.String, java.lang.String, java.lang.String, java.lang.String, java.lang.String, java.lang.String, java.lang.String, java.lang.String, java.lang.String, java.lang.String, java.lang.String)[pri:0, instance:addTraveler.AddTraveler@4671115f]" started-at="2025-05-27T18:55:43Z" name="flightBooking" data-provider="getexceldata" finished-at="2025-05-27T18:56:16Z" duration-ms="33165" status="PASS">
          <params>
            <param index="0">
              <value>
                <![CDATA[Test Case 19]]>
              </value>
            </param>
            <param index="1">
              <value>
                <![CDATA[Positive]]>
              </value>
            </param>
            <param index="2">
              <value>
                <![CDATA[Adding new traveler 19]]>
              </value>
            </param>
            <param index="3">
              <value>
                <![CDATA[saudia]]>
              </value>
            </param>
            <param index="4">
              <value>
                <![CDATA[dev.saudia.quadlabs.net]]>
              </value>
            </param>
            <param index="5">
              <value>
                <![CDATA[Bal Krishna Sharma]]>
              </value>
            </param>
            <param index="6">
              <value>
                <![CDATA[Administrator]]>
              </value>
            </param>
            <param index="7">
              <value>
                <![CDATA[puneet.malik@quadlabs.com]]>
              </value>
            </param>
            <param index="8">
              <value>
                <![CDATA[Qlindia@1234]]>
              </value>
            </param>
            <param index="9">
              <value>
                <![CDATA[Mr]]>
              </value>
            </param>
            <param index="10">
              <value>
                <![CDATA[20-AUG-1991]]>
              </value>
            </param>
            <param index="11">
              <value>
                <![CDATA[Chelsea]]>
              </value>
            </param>
            <param index="12">
              <value>
                <![CDATA[Carter]]>
              </value>
            </param>
            <param index="13">
              <value>
                <![CDATA[QA_]]>
              </value>
            </param>
            <param index="14">
              <value>
                <![CDATA[c.carter@yopmail.com]]>
              </value>
            </param>
            <param index="15">
              <value>
                <![CDATA[TEST CORP]]>
              </value>
            </param>
            <param index="16">
              <value>
                <![CDATA[Administrator]]>
              </value>
            </param>
            <param index="17">
              <value>
                <![CDATA[c.carter@yopmail.com]]>
              </value>
            </param>
            <param index="18">
              <value>
                <![CDATA[9876500019]]>
              </value>
            </param>
          </params>
          <reporter-output>
          </reporter-output>
        </test-method> <!-- flightBooking -->
        <test-method signature="flightBooking(java.lang.String, java.lang.String, java.lang.String, java.lang.String, java.lang.String, java.lang.String, java.lang.String, java.lang.String, java.lang.String, java.lang.String, java.lang.String, java.lang.String, java.lang.String, java.lang.String, java.lang.String, java.lang.String, java.lang.String, java.lang.String, java.lang.String)[pri:0, instance:addTraveler.AddTraveler@4671115f]" started-at="2025-05-27T18:56:17Z" name="flightBooking" data-provider="getexceldata" finished-at="2025-05-27T18:56:49Z" duration-ms="32398" status="PASS">
          <params>
            <param index="0">
              <value>
                <![CDATA[Test Case 20]]>
              </value>
            </param>
            <param index="1">
              <value>
                <![CDATA[Positive]]>
              </value>
            </param>
            <param index="2">
              <value>
                <![CDATA[Adding new traveler 20]]>
              </value>
            </param>
            <param index="3">
              <value>
                <![CDATA[saudia]]>
              </value>
            </param>
            <param index="4">
              <value>
                <![CDATA[dev.saudia.quadlabs.net]]>
              </value>
            </param>
            <param index="5">
              <value>
                <![CDATA[Bal Krishna Sharma]]>
              </value>
            </param>
            <param index="6">
              <value>
                <![CDATA[Administrator]]>
              </value>
            </param>
            <param index="7">
              <value>
                <![CDATA[puneet.malik@quadlabs.com]]>
              </value>
            </param>
            <param index="8">
              <value>
                <![CDATA[Qlindia@1234]]>
              </value>
            </param>
            <param index="9">
              <value>
                <![CDATA[Mr]]>
              </value>
            </param>
            <param index="10">
              <value>
                <![CDATA[20-AUG-1991]]>
              </value>
            </param>
            <param index="11">
              <value>
                <![CDATA[Alfred]]>
              </value>
            </param>
            <param index="12">
              <value>
                <![CDATA[Evans]]>
              </value>
            </param>
            <param index="13">
              <value>
                <![CDATA[QA_]]>
              </value>
            </param>
            <param index="14">
              <value>
                <![CDATA[a.evans@yopmail.com]]>
              </value>
            </param>
            <param index="15">
              <value>
                <![CDATA[TEST CORP]]>
              </value>
            </param>
            <param index="16">
              <value>
                <![CDATA[Administrator]]>
              </value>
            </param>
            <param index="17">
              <value>
                <![CDATA[a.evans@yopmail.com]]>
              </value>
            </param>
            <param index="18">
              <value>
                <![CDATA[9876500020]]>
              </value>
            </param>
          </params>
          <reporter-output>
          </reporter-output>
        </test-method> <!-- flightBooking -->
        <test-method signature="flightBooking(java.lang.String, java.lang.String, java.lang.String, java.lang.String, java.lang.String, java.lang.String, java.lang.String, java.lang.String, java.lang.String, java.lang.String, java.lang.String, java.lang.String, java.lang.String, java.lang.String, java.lang.String, java.lang.String, java.lang.String, java.lang.String, java.lang.String)[pri:0, instance:addTraveler.AddTraveler@4671115f]" started-at="2025-05-27T18:56:49Z" name="flightBooking" data-provider="getexceldata" finished-at="2025-05-27T18:57:22Z" duration-ms="32367" status="PASS">
          <params>
            <param index="0">
              <value>
                <![CDATA[Test Case 21]]>
              </value>
            </param>
            <param index="1">
              <value>
                <![CDATA[Positive]]>
              </value>
            </param>
            <param index="2">
              <value>
                <![CDATA[Adding new traveler 21]]>
              </value>
            </param>
            <param index="3">
              <value>
                <![CDATA[saudia]]>
              </value>
            </param>
            <param index="4">
              <value>
                <![CDATA[dev.saudia.quadlabs.net]]>
              </value>
            </param>
            <param index="5">
              <value>
                <![CDATA[Bal Krishna Sharma]]>
              </value>
            </param>
            <param index="6">
              <value>
                <![CDATA[Administrator]]>
              </value>
            </param>
            <param index="7">
              <value>
                <![CDATA[puneet.malik@quadlabs.com]]>
              </value>
            </param>
            <param index="8">
              <value>
                <![CDATA[Qlindia@1234]]>
              </value>
            </param>
            <param index="9">
              <value>
                <![CDATA[Mr]]>
              </value>
            </param>
            <param index="10">
              <value>
                <![CDATA[20-AUG-1991]]>
              </value>
            </param>
            <param index="11">
              <value>
                <![CDATA[Justin]]>
              </value>
            </param>
            <param index="12">
              <value>
                <![CDATA[Lloyd]]>
              </value>
            </param>
            <param index="13">
              <value>
                <![CDATA[QA_]]>
              </value>
            </param>
            <param index="14">
              <value>
                <![CDATA[j.lloyd@yopmail.com]]>
              </value>
            </param>
            <param index="15">
              <value>
                <![CDATA[TEST CORP]]>
              </value>
            </param>
            <param index="16">
              <value>
                <![CDATA[Administrator]]>
              </value>
            </param>
            <param index="17">
              <value>
                <![CDATA[j.lloyd@yopmail.com]]>
              </value>
            </param>
            <param index="18">
              <value>
                <![CDATA[9876500021]]>
              </value>
            </param>
          </params>
          <reporter-output>
          </reporter-output>
        </test-method> <!-- flightBooking -->
        <test-method signature="flightBooking(java.lang.String, java.lang.String, java.lang.String, java.lang.String, java.lang.String, java.lang.String, java.lang.String, java.lang.String, java.lang.String, java.lang.String, java.lang.String, java.lang.String, java.lang.String, java.lang.String, java.lang.String, java.lang.String, java.lang.String, java.lang.String, java.lang.String)[pri:0, instance:addTraveler.AddTraveler@4671115f]" started-at="2025-05-27T18:57:22Z" name="flightBooking" data-provider="getexceldata" finished-at="2025-05-27T18:57:55Z" duration-ms="32640" status="PASS">
          <params>
            <param index="0">
              <value>
                <![CDATA[Test Case 22]]>
              </value>
            </param>
            <param index="1">
              <value>
                <![CDATA[Positive]]>
              </value>
            </param>
            <param index="2">
              <value>
                <![CDATA[Adding new traveler 22]]>
              </value>
            </param>
            <param index="3">
              <value>
                <![CDATA[saudia]]>
              </value>
            </param>
            <param index="4">
              <value>
                <![CDATA[dev.saudia.quadlabs.net]]>
              </value>
            </param>
            <param index="5">
              <value>
                <![CDATA[Bal Krishna Sharma]]>
              </value>
            </param>
            <param index="6">
              <value>
                <![CDATA[Administrator]]>
              </value>
            </param>
            <param index="7">
              <value>
[...]
              <value>
                <![CDATA[Test Case 244]]>
              </value>
            </param>
            <param index="1">
              <value>
                <![CDATA[Positive]]>
              </value>
            </param>
            <param index="2">
              <value>
                <![CDATA[Adding new traveler 244]]>
              </value>
            </param>
            <param index="3">
              <value>
                <![CDATA[saudia]]>
              </value>
            </param>
            <param index="4">
              <value>
                <![CDATA[dev.saudia.quadlabs.net]]>
              </value>
            </param>
            <param index="5">
              <value>
                <![CDATA[Bal Krishna Sharma]]>
              </value>
            </param>
            <param index="6">
              <value>
                <![CDATA[Administrator]]>
              </value>
            </param>
            <param index="7">
              <value>
                <![CDATA[puneet.malik@quadlabs.com]]>
              </value>
            </param>
            <param index="8">
              <value>
                <![CDATA[Qlindia@1234]]>
              </value>
            </param>
            <param index="9">
              <value>
                <![CDATA[Mr]]>
              </value>
            </param>
            <param index="10">
              <value>
                <![CDATA[20-AUG-1991]]>
              </value>
            </param>
            <param index="11">
              <value>
                <![CDATA[Anna]]>
              </value>
            </param>
            <param index="12">
              <value>
                <![CDATA[Hamilton]]>
              </value>
            </param>
            <param index="13">
              <value>
                <![CDATA[]]>
              </value>
            </param>
            <param index="14">
              <value>
                <![CDATA[a.hamilton@yopmail.com]]>
              </value>
            </param>
            <param index="15">
              <value>
                <![CDATA[TEST CORP]]>
              </value>
            </param>
            <param index="16">
              <value>
                <![CDATA[Administrator]]>
              </value>
            </param>
            <param index="17">
              <value>
                <![CDATA[a.hamilton@yopmail.com]]>
              </value>
            </param>
            <param index="18">
              <value>
                <![CDATA[9876500244]]>
              </value>
            </param>
          </params>
          <reporter-output>
          </reporter-output>
        </test-method> <!-- flightBooking -->
        <test-method signature="flightBooking(java.lang.String, java.lang.String, java.lang.String, java.lang.String, java.lang.String, java.lang.String, java.lang.String, java.lang.String, java.lang.String, java.lang.String, java.lang.String, java.lang.String, java.lang.String, java.lang.String, java.lang.String, java.lang.String, java.lang.String, java.lang.String, java.lang.String)[pri:0, instance:addTraveler.AddTraveler@4671115f]" started-at="2025-05-27T20:59:25Z" name="flightBooking" data-provider="getexceldata" finished-at="2025-05-27T20:59:56Z" duration-ms="31567" status="PASS">
          <params>
            <param index="0">
              <value>
                <![CDATA[Test Case 245]]>
              </value>
            </param>
            <param index="1">
              <value>
                <![CDATA[Positive]]>
              </value>
            </param>
            <param index="2">
              <value>
                <![CDATA[Adding new traveler 245]]>
              </value>
            </param>
            <param index="3">
              <value>
                <![CDATA[saudia]]>
              </value>
            </param>
            <param index="4">
              <value>
                <![CDATA[dev.saudia.quadlabs.net]]>
              </value>
            </param>
            <param index="5">
              <value>
                <![CDATA[Bal Krishna Sharma]]>
              </value>
            </param>
            <param index="6">
              <value>
                <![CDATA[Administrator]]>
              </value>
            </param>
            <param index="7">
              <value>
                <![CDATA[puneet.malik@quadlabs.com]]>
              </value>
            </param>
            <param index="8">
              <value>
                <![CDATA[Qlindia@1234]]>
              </value>
            </param>
            <param index="9">
              <value>
                <![CDATA[Mr]]>
              </value>
            </param>
            <param index="10">
              <value>
                <![CDATA[20-AUG-1991]]>
              </value>
            </param>
            <param index="11">
              <value>
                <![CDATA[Mary]]>
              </value>
            </param>
            <param index="12">
              <value>
                <![CDATA[Craig]]>
              </value>
            </param>
            <param index="13">
              <value>
                <![CDATA[]]>
              </value>
            </param>
            <param index="14">
              <value>
                <![CDATA[m.craig@yopmail.com]]>
              </value>
            </param>
            <param index="15">
              <value>
                <![CDATA[TEST CORP]]>
              </value>
            </param>
            <param index="16">
              <value>
                <![CDATA[Administrator]]>
              </value>
            </param>
            <param index="17">
              <value>
                <![CDATA[m.craig@yopmail.com]]>
              </value>
            </param>
            <param index="18">
              <value>
                <![CDATA[9876500245]]>
              </value>
            </param>
          </params>
          <reporter-output>
          </reporter-output>
        </test-method> <!-- flightBooking -->
        <test-method signature="flightBooking(java.lang.String, java.lang.String, java.lang.String, java.lang.String, java.lang.String, java.lang.String, java.lang.String, java.lang.String, java.lang.String, java.lang.String, java.lang.String, java.lang.String, java.lang.String, java.lang.String, java.lang.String, java.lang.String, java.lang.String, java.lang.String, java.lang.String)[pri:0, instance:addTraveler.AddTraveler@4671115f]" started-at="2025-05-27T20:59:57Z" name="flightBooking" data-provider="getexceldata" finished-at="2025-05-27T21:00:29Z" duration-ms="31939" status="PASS">
          <params>
            <param index="0">
              <value>
                <![CDATA[Test Case 246]]>
              </value>
            </param>
            <param index="1">
              <value>
                <![CDATA[Positive]]>
              </value>
            </param>
            <param index="2">
              <value>
                <![CDATA[Adding new traveler 246]]>
              </value>
            </param>
            <param index="3">
              <value>
                <![CDATA[saudia]]>
              </value>
            </param>
            <param index="4">
              <value>
                <![CDATA[dev.saudia.quadlabs.net]]>
              </value>
            </param>
            <param index="5">
              <value>
                <![CDATA[Bal Krishna Sharma]]>
              </value>
            </param>
            <param index="6">
              <value>
                <![CDATA[Administrator]]>
              </value>
            </param>
            <param index="7">
              <value>
                <![CDATA[puneet.malik@quadlabs.com]]>
              </value>
            </param>
            <param index="8">
              <value>
                <![CDATA[Qlindia@1234]]>
              </value>
            </param>
            <param index="9">
              <value>
                <![CDATA[Mr]]>
              </value>
            </param>
            <param index="10">
              <value>
                <![CDATA[20-AUG-1991]]>
              </value>
            </param>
            <param index="11">
              <value>
                <![CDATA[Marcus]]>
              </value>
            </param>
            <param index="12">
              <value>
                <![CDATA[Douglas]]>
              </value>
            </param>
            <param index="13">
              <value>
                <![CDATA[]]>
              </value>
            </param>
            <param index="14">
              <value>
                <![CDATA[m.douglas@yopmail.com]]>
              </value>
            </param>
            <param index="15">
              <value>
                <![CDATA[TEST CORP]]>
              </value>
            </param>
            <param index="16">
              <value>
                <![CDATA[Administrator]]>
              </value>
            </param>
            <param index="17">
              <value>
                <![CDATA[m.douglas@yopmail.com]]>
              </value>
            </param>
            <param index="18">
              <value>
                <![CDATA[9876500246]]>
              </value>
            </param>
          </params>
          <reporter-output>
          </reporter-output>
        </test-method> <!-- flightBooking -->
        <test-method signature="flightBooking(java.lang.String, java.lang.String, java.lang.String, java.lang.String, java.lang.String, java.lang.String, java.lang.String, java.lang.String, java.lang.String, java.lang.String, java.lang.String, java.lang.String, java.lang.String, java.lang.String, java.lang.String, java.lang.String, java.lang.String, java.lang.String, java.lang.String)[pri:0, instance:addTraveler.AddTraveler@4671115f]" started-at="2025-05-27T21:00:29Z" name="flightBooking" data-provider="getexceldata" finished-at="2025-05-27T21:01:01Z" duration-ms="31649" status="PASS">
          <params>
            <param index="0">
              <value>
                <![CDATA[Test Case 247]]>
              </value>
            </param>
            <param index="1">
              <value>
                <![CDATA[Positive]]>
              </value>
            </param>
            <param index="2">
              <value>
                <![CDATA[Adding new traveler 247]]>
              </value>
            </param>
            <param index="3">
              <value>
                <![CDATA[saudia]]>
              </value>
            </param>
            <param index="4">
              <value>
                <![CDATA[dev.saudia.quadlabs.net]]>
              </value>
            </param>
            <param index="5">
              <value>
                <![CDATA[Bal Krishna Sharma]]>
              </value>
            </param>
            <param index="6">
              <value>
                <![CDATA[Administrator]]>
              </value>
            </param>
            <param index="7">
              <value>
                <![CDATA[puneet.malik@quadlabs.com]]>
              </value>
            </param>
            <param index="8">
              <value>
                <![CDATA[Qlindia@1234]]>
              </value>
            </param>
            <param index="9">
              <value>
                <![CDATA[Mr]]>
              </value>
            </param>
            <param index="10">
              <value>
                <![CDATA[20-AUG-1991]]>
              </value>
            </param>
            <param index="11">
              <value>
                <![CDATA[Adele]]>
              </value>
            </param>
            <param index="12">
              <value>
                <![CDATA[Davis]]>
              </value>
            </param>
            <param index="13">
              <value>
                <![CDATA[]]>
              </value>
            </param>
            <param index="14">
              <value>
                <![CDATA[a.davis@yopmail.com]]>
              </value>
            </param>
            <param index="15">
              <value>
                <![CDATA[TEST CORP]]>
              </value>
            </param>
            <param index="16">
              <value>
                <![CDATA[Administrator]]>
              </value>
            </param>
            <param index="17">
              <value>
                <![CDATA[a.davis@yopmail.com]]>
              </value>
            </param>
            <param index="18">
              <value>
                <![CDATA[9876500247]]>
              </value>
            </param>
          </params>
          <reporter-output>
          </reporter-output>
        </test-method> <!-- flightBooking -->
        <test-method signature="flightBooking(java.lang.String, java.lang.String, java.lang.String, java.lang.String, java.lang.String, java.lang.String, java.lang.String, java.lang.String, java.lang.String, java.lang.String, java.lang.String, java.lang.String, java.lang.String, java.lang.String, java.lang.String, java.lang.String, java.lang.String, java.lang.String, java.lang.String)[pri:0, instance:addTraveler.AddTraveler@4671115f]" started-at="2025-05-27T21:01:01Z" name="flightBooking" data-provider="getexceldata" finished-at="2025-05-27T21:01:33Z" duration-ms="31591" status="PASS">
          <params>
            <param index="0">
              <value>
                <![CDATA[Test Case 248]]>
              </value>
            </param>
            <param index="1">
              <value>
                <![CDATA[Positive]]>
              </value>
            </param>
            <param index="2">
              <value>
                <![CDATA[Adding new traveler 248]]>
              </value>
            </param>
            <param index="3">
              <value>
                <![CDATA[saudia]]>
              </value>
            </param>
            <param index="4">
              <value>
                <![CDATA[dev.saudia.quadlabs.net]]>
              </value>
            </param>
            <param index="5">
              <value>
                <![CDATA[Bal Krishna Sharma]]>
              </value>
            </param>
            <param index="6">
              <value>
                <![CDATA[Administrator]]>
              </value>
            </param>
            <param index="7">
              <value>
                <![CDATA[puneet.malik@quadlabs.com]]>
              </value>
            </param>
            <param index="8">
              <value>
                <![CDATA[Qlindia@1234]]>
              </value>
            </param>
            <param index="9">
              <value>
                <![CDATA[Mr]]>
              </value>
            </param>
            <param index="10">
              <value>
                <![CDATA[20-AUG-1991]]>
              </value>
            </param>
            <param index="11">
              <value>
                <![CDATA[Adelaide]]>
              </value>
            </param>
            <param index="12">
              <value>
                <![CDATA[Armstrong]]>
              </value>
            </param>
            <param index="13">
              <value>
                <![CDATA[]]>
              </value>
            </param>
            <param index="14">
              <value>
                <![CDATA[a.armstrong@yopmail.com]]>
              </value>
            </param>
            <param index="15">
              <value>
                <![CDATA[TEST CORP]]>
              </value>
            </param>
            <param index="16">
              <value>
                <![CDATA[Administrator]]>
              </value>
            </param>
            <param index="17">
              <value>
                <![CDATA[a.armstrong@yopmail.com]]>
              </value>
            </param>
            <param index="18">
              <value>
                <![CDATA[9876500248]]>
              </value>
            </param>
          </params>
          <reporter-output>
          </reporter-output>
        </test-method> <!-- flightBooking -->
        <test-method signature="flightBooking(java.lang.String, java.lang.String, java.lang.String, java.lang.String, java.lang.String, java.lang.String, java.lang.String, java.lang.String, java.lang.String, java.lang.String, java.lang.String, java.lang.String, java.lang.String, java.lang.String, java.lang.String, java.lang.String, java.lang.String, java.lang.String, java.lang.String)[pri:0, instance:addTraveler.AddTraveler@4671115f]" started-at="2025-05-27T21:01:33Z" name="flightBooking" data-provider="getexceldata" finished-at="2025-05-27T21:02:05Z" duration-ms="32245" status="PASS">
          <params>
            <param index="0">
              <value>
                <![CDATA[Test Case 249]]>
              </value>
            </param>
            <param index="1">
              <value>
                <![CDATA[Positive]]>
              </value>
            </param>
            <param index="2">
              <value>
                <![CDATA[Adding new traveler 249]]>
              </value>
            </param>
            <param index="3">
              <value>
                <![CDATA[saudia]]>
              </value>
            </param>
            <param index="4">
              <value>
                <![CDATA[dev.saudia.quadlabs.net]]>
              </value>
            </param>
            <param index="5">
              <value>
                <![CDATA[Bal Krishna Sharma]]>
              </value>
            </param>
            <param index="6">
              <value>
                <![CDATA[Administrator]]>
              </value>
            </param>
            <param index="7">
              <value>
                <![CDATA[puneet.malik@quadlabs.com]]>
              </value>
            </param>
            <param index="8">
              <value>
                <![CDATA[Qlindia@1234]]>
              </value>
            </param>
            <param index="9">
              <value>
                <![CDATA[Mr]]>
              </value>
            </param>
            <param index="10">
              <value>
                <![CDATA[20-AUG-1991]]>
              </value>
            </param>
            <param index="11">
              <value>
                <![CDATA[Miley]]>
              </value>
            </param>
            <param index="12">
              <value>
                <![CDATA[Walker]]>
              </value>
            </param>
            <param index="13">
              <value>
                <![CDATA[]]>
              </value>
            </param>
            <param index="14">
              <value>
                <![CDATA[m.walker@yopmail.com]]>
              </value>
            </param>
            <param index="15">
              <value>
                <![CDATA[TEST CORP]]>
              </value>
            </param>
            <param index="16">
              <value>
                <![CDATA[Administrator]]>
              </value>
            </param>
            <param index="17">
              <value>
                <![CDATA[m.walker@yopmail.com]]>
              </value>
            </param>
            <param index="18">
              <value>
                <![CDATA[9876500249]]>
              </value>
            </param>
          </params>
          <reporter-output>
          </reporter-output>
        </test-method> <!-- flightBooking -->
        <test-method is-config="true" signature="After_Test()[pri:0, instance:addTraveler.AddTraveler@4671115f]" started-at="2025-05-27T21:02:06Z" name="After_Test" finished-at="2025-05-27T21:02:06Z" duration-ms="476" status="PASS">
          <reporter-output>
          </reporter-output>
        </test-method> <!-- After_Test -->
      </class> <!-- addTraveler.AddTraveler -->
    </test> <!-- Default test -->
  </suite> <!-- Default suite -->
</testng-results>
