<?xml version="1.0" encoding="UTF-8"?>
<testng-results ignored="0" total="1" passed="1" failed="0" skipped="0">
  <reporter-output>
  </reporter-output>
  <suite started-at="2025-06-10T13:01:30Z" name="Default suite" finished-at="2025-06-10T13:03:59Z" duration-ms="148266">
    <groups>
    </groups>
    <test started-at="2025-06-10T13:01:30Z" name="Default test" finished-at="2025-06-10T13:03:59Z" duration-ms="148266">
      <class name="travelerWithAllDetails.BasicInformationAlongWithTraveler">
        <test-method signature="addBsicInformation(java.lang.String, java.lang.String, java.lang.String, java.lang.String, java.lang.String, java.lang.String, java.lang.String, java.lang.String, java.lang.String, java.lang.String, java.lang.String, java.lang.String, java.lang.String, java.lang.String, java.lang.String, java.lang.String, java.lang.String, java.lang.String, java.lang.String, java.lang.String, java.lang.String, java.lang.String, java.lang.String, java.lang.String, java.lang.String, java.lang.String, java.lang.String, java.lang.String, java.lang.String, java.lang.String, java.lang.String, java.lang.String, java.lang.String, java.lang.String, java.lang.String, java.lang.String, java.lang.String, java.lang.String, java.lang.String, java.lang.String, java.lang.String, java.lang.String, java.lang.String, java.lang.String, java.lang.String, java.lang.String, java.lang.String, java.lang.String, java.lang.String, java.lang.String, java.lang.String, java.lang.String, java.lang.String, java.lang.String, java.lang.String)[pri:0, instance:travelerWithAllDetails.BasicInformationAlongWithTraveler@38467116]" started-at="2025-06-10T18:31:32Z" name="addBsicInformation" data-provider="getexceldata" finished-at="2025-06-10T18:33:58Z" duration-ms="146165" status="PASS">
          <params>
            <param index="0">
              <value>
                <![CDATA[Test Case 1]]>
              </value>
            </param>
            <param index="1">
              <value>
                <![CDATA[Positive]]>
              </value>
            </param>
            <param index="2">
              <value>
                <![CDATA[Adding new traveler 1]]>
              </value>
            </param>
            <param index="3">
              <value>
                <![CDATA[saudia]]>
              </value>
            </param>
            <param index="4">
              <value>
                <![CDATA[dev.saudia.quadlabs.net]]>
              </value>
            </param>
            <param index="5">
              <value>
                <![CDATA[Bal Krishna Sharma]]>
              </value>
            </param>
            <param index="6">
              <value>
                <![CDATA[Administrator]]>
              </value>
            </param>
            <param index="7">
              <value>
                <![CDATA[rohit.swami@quadlabs.com]]>
              </value>
            </param>
            <param index="8">
              <value>
                <![CDATA[Qlindia@1234]]>
              </value>
            </param>
            <param index="9">
              <value>
                <![CDATA[Indian]]>
              </value>
            </param>
            <param index="10">
              <value>
                <![CDATA[National ID]]>
              </value>
            </param>
            <param index="11">
              <value>
                <![CDATA[20-AUG-1994]]>
              </value>
            </param>
            <param index="12">
              <value>
                <![CDATA[India]]>
              </value>
            </param>
            <param index="13">
              <value>
                <![CDATA[20-AUG-1995]]>
              </value>
            </param>
            <param index="14">
              <value>
                <![CDATA[20-AUG-2029]]>
              </value>
            </param>
            <param index="15">
              <value>
                <![CDATA[cancil]]>
              </value>
            </param>
            <param index="16">
              <value>
                <![CDATA[Quality Assurance]]>
              </value>
            </param>
            <param index="17">
              <value>
                <![CDATA[level2]]>
              </value>
            </param>
            <param index="18">
              <value>
                <![CDATA[Angular]]>
              </value>
            </param>
            <param index="19">
              <value>
                <![CDATA[Gurugram]]>
              </value>
            </param>
            <param index="20">
              <value>
                <![CDATA[travel]]>
              </value>
            </param>
            <param index="21">
              <value>
                <![CDATA[Haryana]]>
              </value>
            </param>
            <param index="22">
              <value>
                <![CDATA[Saudia]]>
              </value>
            </param>
            <param index="23">
              <value>
                <![CDATA[save]]>
              </value>
            </param>
            <param index="24">
              <value>
                <![CDATA[Credit Card]]>
              </value>
            </param>
            <param index="25">
              <value>
                <![CDATA[Master Card]]>
              </value>
            </param>
            <param index="26">
              <value>
                <![CDATA[August]]>
              </value>
            </param>
            <param index="27">
              <value>
                <![CDATA[2030]]>
              </value>
            </param>
            <param index="28">
              <value>
                <![CDATA[corporate]]>
              </value>
            </param>
            <param index="29">
              <value>
                <![CDATA[cancil]]>
              </value>
            </param>
            <param index="30">
              <value>
                <![CDATA[international]]>
              </value>
            </param>
            <param index="31">
              <value>
                <![CDATA[Window]]>
              </value>
            </param>
            <param index="32">
              <value>
                <![CDATA[2 Stops]]>
              </value>
            </param>
            <param index="33">
              <value>
                <![CDATA[Less than 3 Hours]]>
              </value>
            </param>
            <param index="34">
              <value>
                <![CDATA[Business]]>
              </value>
            </param>
            <param index="35">
              <value>
                <![CDATA[Tianjin Airlines]]>
              </value>
            </param>
            <param index="36">
              <value>
                <![CDATA[TRANSIT WITHOUT VISA]]>
              </value>
            </param>
            <param index="37">
              <value>
                <![CDATA[20-AUG-2031]]>
              </value>
            </param>
            <param index="38">
              <value>
                <![CDATA[cancil]]>
              </value>
            </param>
            <param index="39">
              <value>
                <![CDATA[+91]]>
              </value>
            </param>
            <param index="40">
              <value>
                <![CDATA[cancil]]>
              </value>
            </param>
            <param index="41">
              <value>
                <![CDATA[Mr]]>
              </value>
            </param>
            <param index="42">
              <value>
                <![CDATA[Gaurav]]>
              </value>
            </param>
            <param index="43">
              <value>
                <![CDATA[Dubey]]>
              </value>
            </param>
            <param index="44">
              <value>
                <![CDATA[Male]]>
              </value>
            </param>
            <param index="45">
              <value>
                <![CDATA[Parent]]>
              </value>
            </param>
            <param index="46">
              <value>
                <![CDATA[dubey.gaurav@yopmail.com]]>
              </value>
            </param>
            <param index="47">
              <value>
                <![CDATA[India (+91)]]>
              </value>
            </param>
            <param index="48">
              <value>
                <![CDATA[India]]>
              </value>
            </param>
            <param index="49">
              <value>
                <![CDATA[Passport]]>
              </value>
            </param>
            <param index="50">
              <value>
                <![CDATA[Lucknow]]>
              </value>
            </param>
            <param index="51">
              <value>
                <![CDATA[save]]>
              </value>
            </param>
            <param index="52">
              <value>
                <![CDATA[Traveler arranger 1]]>
              </value>
            </param>
            <param index="53">
              <value>
                <![CDATA[true]]>
              </value>
            </param>
            <param index="54">
              <value>
                <![CDATA[Window]]>
              </value>
            </param>
          </params>
          <reporter-output>
          </reporter-output>
        </test-method> <!-- addBsicInformation -->
        <test-method is-config="true" signature="After_Test()[pri:0, instance:travelerWithAllDetails.BasicInformationAlongWithTraveler@38467116]" started-at="2025-06-10T18:33:58Z" name="After_Test" finished-at="2025-06-10T18:33:59Z" duration-ms="501" status="PASS">
          <reporter-output>
          </reporter-output>
        </test-method> <!-- After_Test -->
      </class> <!-- travelerWithAllDetails.BasicInformationAlongWithTraveler -->
    </test> <!-- Default test -->
  </suite> <!-- Default suite -->
</testng-results>
